<?xml version="1.0" encoding="UTF-8"?>
<!-- Generated by org.testng.reporters.JUnitXMLReporter -->
<testsuite ignored="0" hostname="LAPTOP-D5TRON7H" failures="0" tests="4" name="Default test" time="11.296" errors="0" timestamp="2022-02-06T13:45:52 IST">
  <testcase classname="com.qa.Test.TchomePage" name="htitle" time="0.028"/>
  <testcase classname="com.qa.Test.TchomePage" name="log" time="2.647"/>
  <testcase classname="com.qa.Test.TchomePage" name="con" time="0.92"/>
  <testcase classname="com.qa.Test.TchomePage" name="ltitle" time="0.01"/>
</testsuite> <!-- Default test -->
