<?xml version="1.0" encoding="UTF-8"?>
<!-- Generated by org.testng.reporters.JUnitXMLReporter -->
<testsuite ignored="9" hostname="LAPTOP-D5TRON7H" failures="0" tests="10" name="Test" time="35.169" errors="0" timestamp="2022-02-06T18:05:14 IST">
  <testcase classname="com.qa.Test.TchomePage" name="htitle" time="0.041"/>
  <testcase classname="com.qa.Test.TchomePage" name="log" time="1.133"/>
  <testcase classname="com.qa.Test.TchomePage" name="con" time="0.967"/>
  <testcase classname="com.qa.Test.TchomePage" name="ltitle" time="0.01"/>
  <testcase classname="com.qa.Test.TcloanRequest" name="t1" time="2.881"/>
  <testcase classname="com.qa.Test.TcloanRequest" name="aotitle" time="0.285"/>
  <testcase classname="com.qa.Test.TcloanRequest" name="htitle" time="0.007"/>
  <testcase classname="com.qa.Test.TctransFund" name="t1" time="4.597"/>
  <testcase classname="com.qa.Test.TctransFund" name="aotitle" time="0.032"/>
  <testcase classname="com.qa.Test.TctransFund" name="htitle" time="0.004"/>
  <testcase classname="com.qa.Test.TcRegPage" name="regFill" time="0.0">
    <ignored/>
  </testcase> <!-- regFill -->
  <testcase classname="com.qa.Test.TcopenNewAcc" name="add" time="0.0">
    <ignored/>
  </testcase> <!-- add -->
  <testcase classname="com.qa.Test.TcopenNewAcc" name="otitle" time="0.0">
    <ignored/>
  </testcase> <!-- otitle -->
  <testcase classname="com.qa.Test.TcopenNewAcc" name="htitle" time="0.0">
    <ignored/>
  </testcase> <!-- htitle -->
  <testcase classname="com.qa.Test.TcRegPage" name="ver" time="0.0">
    <ignored/>
  </testcase> <!-- ver -->
  <testcase classname="com.qa.Test.TcAccOverview" name="htitle" time="0.0">
    <ignored/>
  </testcase> <!-- htitle -->
  <testcase classname="com.qa.Test.TcAccOverview" name="add" time="0.0">
    <ignored/>
  </testcase> <!-- add -->
  <testcase classname="com.qa.Test.TcopenNewAcc" name="aoc" time="0.0">
    <ignored/>
  </testcase> <!-- aoc -->
  <testcase classname="com.qa.Test.TcAccOverview" name="aotitle" time="0.0">
    <ignored/>
  </testcase> <!-- aotitle -->
</testsuite> <!-- Test -->
