<?xml version="1.0" encoding="UTF-8"?>
<testng-results ignored="9" total="19" passed="10" failed="0" skipped="0">
  <reporter-output>
  </reporter-output>
  <suite started-at="2022-02-06T18:04:39 IST" name="Suite" finished-at="2022-02-06T18:05:14 IST" duration-ms="35169">
    <groups>
      <group name="regression">
        <method signature="TchomePage.htitle()[pri:1, instance:com.qa.Test.TchomePage@3d51f06e]" name="htitle" class="com.qa.Test.TchomePage"/>
        <method signature="TcloanRequest.t1()[pri:1, instance:com.qa.Test.TcloanRequest@28eaa59a]" name="t1" class="com.qa.Test.TcloanRequest"/>
        <method signature="TchomePage.log()[pri:2, instance:com.qa.Test.TchomePage@3d51f06e]" name="log" class="com.qa.Test.TchomePage"/>
        <method signature="TcloanRequest.aotitle()[pri:2, instance:com.qa.Test.TcloanRequest@28eaa59a]" name="aotitle" class="com.qa.Test.TcloanRequest"/>
        <method signature="TchomePage.con()[pri:3, instance:com.qa.Test.TchomePage@3d51f06e]" name="con" class="com.qa.Test.TchomePage"/>
        <method signature="TcloanRequest.htitle()[pri:3, instance:com.qa.Test.TcloanRequest@28eaa59a]" name="htitle" class="com.qa.Test.TcloanRequest"/>
        <method signature="TchomePage.ltitle()[pri:4, instance:com.qa.Test.TchomePage@3d51f06e]" name="ltitle" class="com.qa.Test.TchomePage"/>
        <method signature="TctransFund.htitle()[pri:4, instance:com.qa.Test.TctransFund@3427b02d]" name="htitle" class="com.qa.Test.TctransFund"/>
      </group> <!-- regression -->
      <group name="smoke">
        <method signature="TchomePage.htitle()[pri:1, instance:com.qa.Test.TchomePage@3d51f06e]" name="htitle" class="com.qa.Test.TchomePage"/>
        <method signature="TcloanRequest.t1()[pri:1, instance:com.qa.Test.TcloanRequest@28eaa59a]" name="t1" class="com.qa.Test.TcloanRequest"/>
        <method signature="TchomePage.log()[pri:2, instance:com.qa.Test.TchomePage@3d51f06e]" name="log" class="com.qa.Test.TchomePage"/>
        <method signature="TcloanRequest.aotitle()[pri:2, instance:com.qa.Test.TcloanRequest@28eaa59a]" name="aotitle" class="com.qa.Test.TcloanRequest"/>
        <method signature="TctransFund.t1()[pri:2, instance:com.qa.Test.TctransFund@3427b02d]" name="t1" class="com.qa.Test.TctransFund"/>
        <method signature="TchomePage.con()[pri:3, instance:com.qa.Test.TchomePage@3d51f06e]" name="con" class="com.qa.Test.TchomePage"/>
        <method signature="TcloanRequest.htitle()[pri:3, instance:com.qa.Test.TcloanRequest@28eaa59a]" name="htitle" class="com.qa.Test.TcloanRequest"/>
        <method signature="TctransFund.aotitle()[pri:3, instance:com.qa.Test.TctransFund@3427b02d]" name="aotitle" class="com.qa.Test.TctransFund"/>
        <method signature="TchomePage.ltitle()[pri:4, instance:com.qa.Test.TchomePage@3d51f06e]" name="ltitle" class="com.qa.Test.TchomePage"/>
        <method signature="TctransFund.htitle()[pri:4, instance:com.qa.Test.TctransFund@3427b02d]" name="htitle" class="com.qa.Test.TctransFund"/>
      </group> <!-- smoke -->
      <group name="sanity">
        <method signature="TchomePage.htitle()[pri:1, instance:com.qa.Test.TchomePage@3d51f06e]" name="htitle" class="com.qa.Test.TchomePage"/>
        <method signature="TcloanRequest.t1()[pri:1, instance:com.qa.Test.TcloanRequest@28eaa59a]" name="t1" class="com.qa.Test.TcloanRequest"/>
        <method signature="TcloanRequest.aotitle()[pri:2, instance:com.qa.Test.TcloanRequest@28eaa59a]" name="aotitle" class="com.qa.Test.TcloanRequest"/>
        <method signature="TcloanRequest.htitle()[pri:3, instance:com.qa.Test.TcloanRequest@28eaa59a]" name="htitle" class="com.qa.Test.TcloanRequest"/>
        <method signature="TctransFund.htitle()[pri:4, instance:com.qa.Test.TctransFund@3427b02d]" name="htitle" class="com.qa.Test.TctransFund"/>
      </group> <!-- sanity -->
    </groups>
    <test started-at="2022-02-06T18:04:39 IST" name="Test" finished-at="2022-02-06T18:05:14 IST" duration-ms="35169">
      <class name="com.qa.Test.TchomePage">
        <test-method is-config="true" signature="launch()[pri:0, instance:com.qa.Test.TchomePage@3d51f06e]" started-at="2022-02-06T18:04:39 IST" name="launch" finished-at="2022-02-06T18:04:47 IST" duration-ms="8371" status="PASS">
          <reporter-output>
          </reporter-output>
        </test-method> <!-- launch -->
        <test-method signature="htitle()[pri:1, instance:com.qa.Test.TchomePage@3d51f06e]" started-at="2022-02-06T18:04:47 IST" name="htitle" finished-at="2022-02-06T18:04:47 IST" duration-ms="41" status="PASS">
          <reporter-output>
          </reporter-output>
        </test-method> <!-- htitle -->
        <test-method signature="log()[pri:2, instance:com.qa.Test.TchomePage@3d51f06e]" started-at="2022-02-06T18:04:47 IST" name="log" finished-at="2022-02-06T18:04:48 IST" duration-ms="1133" status="PASS">
          <reporter-output>
          </reporter-output>
        </test-method> <!-- log -->
        <test-method signature="con()[pri:3, instance:com.qa.Test.TchomePage@3d51f06e]" started-at="2022-02-06T18:04:48 IST" name="con" finished-at="2022-02-06T18:04:49 IST" duration-ms="967" status="PASS">
          <reporter-output>
          </reporter-output>
        </test-method> <!-- con -->
        <test-method signature="ltitle()[pri:4, instance:com.qa.Test.TchomePage@3d51f06e]" started-at="2022-02-06T18:04:49 IST" name="ltitle" finished-at="2022-02-06T18:04:49 IST" duration-ms="10" status="PASS">
          <reporter-output>
          </reporter-output>
        </test-method> <!-- ltitle -->
        <test-method is-config="true" signature="close()[pri:0, instance:com.qa.Test.TchomePage@3d51f06e]" started-at="2022-02-06T18:04:49 IST" name="close" finished-at="2022-02-06T18:04:49 IST" duration-ms="174" status="PASS">
          <reporter-output>
          </reporter-output>
        </test-method> <!-- close -->
      </class> <!-- com.qa.Test.TchomePage -->
      <class name="com.qa.Test.TcloanRequest">
        <test-method is-config="true" signature="launch()[pri:0, instance:com.qa.Test.TcloanRequest@28eaa59a]" started-at="2022-02-06T18:04:49 IST" name="launch" finished-at="2022-02-06T18:05:00 IST" duration-ms="10839" status="PASS">
          <reporter-output>
          </reporter-output>
        </test-method> <!-- launch -->
        <test-method signature="t1()[pri:1, instance:com.qa.Test.TcloanRequest@28eaa59a]" started-at="2022-02-06T18:05:00 IST" name="t1" finished-at="2022-02-06T18:05:03 IST" duration-ms="2881" status="PASS">
          <reporter-output>
          </reporter-output>
        </test-method> <!-- t1 -->
        <test-method signature="aotitle()[pri:2, instance:com.qa.Test.TcloanRequest@28eaa59a]" started-at="2022-02-06T18:05:03 IST" name="aotitle" finished-at="2022-02-06T18:05:03 IST" duration-ms="285" status="PASS">
          <reporter-output>
          </reporter-output>
        </test-method> <!-- aotitle -->
        <test-method signature="htitle()[pri:3, instance:com.qa.Test.TcloanRequest@28eaa59a]" started-at="2022-02-06T18:05:03 IST" name="htitle" finished-at="2022-02-06T18:05:03 IST" duration-ms="7" status="PASS">
          <reporter-output>
          </reporter-output>
        </test-method> <!-- htitle -->
        <test-method is-config="true" signature="close()[pri:0, instance:com.qa.Test.TcloanRequest@28eaa59a]" started-at="2022-02-06T18:05:03 IST" name="close" finished-at="2022-02-06T18:05:04 IST" duration-ms="170" status="PASS">
          <reporter-output>
          </reporter-output>
        </test-method> <!-- close -->
      </class> <!-- com.qa.Test.TcloanRequest -->
      <class name="com.qa.Test.TctransFund">
        <test-method is-config="true" signature="launch()[pri:0, instance:com.qa.Test.TctransFund@3427b02d]" started-at="2022-02-06T18:05:04 IST" name="launch" finished-at="2022-02-06T18:05:09 IST" duration-ms="5419" status="PASS">
          <reporter-output>
          </reporter-output>
        </test-method> <!-- launch -->
        <test-method signature="t1()[pri:2, instance:com.qa.Test.TctransFund@3427b02d]" started-at="2022-02-06T18:05:09 IST" name="t1" finished-at="2022-02-06T18:05:14 IST" duration-ms="4597" status="PASS">
          <reporter-output>
          </reporter-output>
        </test-method> <!-- t1 -->
        <test-method signature="aotitle()[pri:3, instance:com.qa.Test.TctransFund@3427b02d]" started-at="2022-02-06T18:05:14 IST" name="aotitle" finished-at="2022-02-06T18:05:14 IST" duration-ms="32" status="PASS">
          <reporter-output>
          </reporter-output>
        </test-method> <!-- aotitle -->
        <test-method signature="htitle()[pri:4, instance:com.qa.Test.TctransFund@3427b02d]" started-at="2022-02-06T18:05:14 IST" name="htitle" finished-at="2022-02-06T18:05:14 IST" duration-ms="4" status="PASS">
          <reporter-output>
          </reporter-output>
        </test-method> <!-- htitle -->
        <test-method is-config="true" signature="close()[pri:0, instance:com.qa.Test.TctransFund@3427b02d]" started-at="2022-02-06T18:05:14 IST" name="close" finished-at="2022-02-06T18:05:14 IST" duration-ms="165" status="PASS">
          <reporter-output>
          </reporter-output>
        </test-method> <!-- close -->
      </class> <!-- com.qa.Test.TctransFund -->
    </test> <!-- Test -->
  </suite> <!-- Suite -->
</testng-results>
