<?xml version="1.0" encoding="UTF-8"?>
<testsuite xmlns:xsi="http://www.w3.org/2001/XMLSchema-instance" xsi:noNamespaceSchemaLocation="https://maven.apache.org/surefire/maven-surefire-plugin/xsd/surefire-test-report-3.0.xsd" version="3.0" name="TestSuite" time="36.149" tests="10" errors="0" skipped="0" failures="0">
  <properties>
[...]
</properties>
  <testcase name="htitle" classname="com.qa.Test.TchomePage" time="0.019">
    <system-err><![CDATA[SLF4J: Failed to load class "org.slf4j.impl.StaticLoggerBinder".
SLF4J: Defaulting to no-operation (NOP) logger implementation
SLF4J: See http://www.slf4j.org/codes.html#StaticLoggerBinder for further details.
Starting ChromeDriver 97.0.4692.71 (adefa7837d02a07a604c1e6eff0b3a09422ab88d-refs/branch-heads/4692@{#1247}) on port 42904
Only local connections are allowed.
Please see https://chromedriver.chromium.org/security-considerations for suggestions on keeping ChromeDriver safe.
ChromeDriver was started successfully.
Feb 06, 2022 6:04:40 PM org.openqa.selenium.remote.ProtocolHandshake createSession
INFO: Detected dialect: W3C
]]></system-err>
  </testcase>
  <testcase name="log" classname="com.qa.Test.TchomePage" time="1.14">
    <system-out><![CDATA[Trying to find Element By : By.xpath: //input[@name='username']
Found Element By : By.xpath: //input[@name='username']
Trying to find Element By : By.xpath: //input[@name='password']
Found Element By : By.xpath: //input[@name='password']
Trying to find Element By : By.xpath: //input[@value='Log In']
Found Element By : By.xpath: //input[@value='Log In']
Trying to click on: [[ChromeDriver: chrome on WINDOWS (05fe41bceaa7ed781ef9785e07f75ac4)] -> xpath: //input[@value='Log In']]
Clicked on: [[ChromeDriver: chrome on WINDOWS (05fe41bceaa7ed781ef9785e07f75ac4)] -> xpath: //input[@value='Log In']]
]]></system-out>
  </testcase>
  <testcase name="con" classname="com.qa.Test.TchomePage" time="0.965">
    <system-out><![CDATA[Trying to find Element By : By.xpath: //a[text()='Open New Account']
Found Element By : By.xpath: //a[text()='Open New Account']
Trying to click on: [[ChromeDriver: chrome on WINDOWS (05fe41bceaa7ed781ef9785e07f75ac4)] -> xpath: //a[text()='Open New Account']]
Clicked on: [[ChromeDriver: chrome on WINDOWS (05fe41bceaa7ed781ef9785e07f75ac4)] -> xpath: //a[text()='Open New Account']]
]]></system-out>
  </testcase>
  <testcase name="ltitle" classname="com.qa.Test.TchomePage" time="0.008"/>
  <testcase name="t1" classname="com.qa.Test.TcloanRequest" time="2.864">
    <system-out><![CDATA[Trying to find Element By : By.xpath: //input[@name='username']
Found Element By : By.xpath: //input[@name='username']
Trying to find Element By : By.xpath: //input[@name='password']
Found Element By : By.xpath: //input[@name='password']
Trying to find Element By : By.xpath: //input[@value='Log In']
Found Element By : By.xpath: //input[@value='Log In']
Trying to click on: [[ChromeDriver: chrome on WINDOWS (038421b469a44606d66299ac66c9140f)] -> xpath: //input[@value='Log In']]
Clicked on: [[ChromeDriver: chrome on WINDOWS (038421b469a44606d66299ac66c9140f)] -> xpath: //input[@value='Log In']]
Trying to find Element By : By.xpath: //a[text()='Request Loan'] 
Found Element By : By.xpath: //a[text()='Request Loan'] 
Trying to click on: [[ChromeDriver: chrome on WINDOWS (038421b469a44606d66299ac66c9140f)] -> xpath: //a[text()='Request Loan'] ]
Clicked on: [[ChromeDriver: chrome on WINDOWS (038421b469a44606d66299ac66c9140f)] -> xpath: //a[text()='Request Loan'] ]
Trying to find Element By : By.xpath: //input[@id='amount']   
Found Element By : By.xpath: //input[@id='amount']   
Trying to find Element By : By.xpath: //input[@id='downPayment']  
Found Element By : By.xpath: //input[@id='downPayment']  
Trying to find Element By : By.xpath: //input[@value='Apply Now'] 
Found Element By : By.xpath: //input[@value='Apply Now'] 
Trying to click on: [[ChromeDriver: chrome on WINDOWS (038421b469a44606d66299ac66c9140f)] -> xpath: //input[@value='Apply Now'] ]
Clicked on: [[ChromeDriver: chrome on WINDOWS (038421b469a44606d66299ac66c9140f)] -> xpath: //input[@value='Apply Now'] ]
]]></system-out>
    <system-err><![CDATA[Starting ChromeDriver 97.0.4692.71 (adefa7837d02a07a604c1e6eff0b3a09422ab88d-refs/branch-heads/4692@{#1247}) on port 3845
Only local connections are allowed.
Please see https://chromedriver.chromium.org/security-considerations for suggestions on keeping ChromeDriver safe.
ChromeDriver was started successfully.
Feb 06, 2022 6:04:50 PM org.openqa.selenium.remote.ProtocolHandshake createSession
INFO: Detected dialect: W3C
]]></system-err>
  </testcase>
  <testcase name="aotitle" classname="com.qa.Test.TcloanRequest" time="0.28">
    <system-out><![CDATA[Trying to find Element By : By.xpath: //p[text()='Congratulations, your loan has been approved.'] 
Found Element By : By.xpath: //p[text()='Congratulations, your loan has been approved.'] 
]]></system-out>
  </testcase>
  <testcase name="htitle" classname="com.qa.Test.TcloanRequest" time="0.006"/>
  <testcase name="t1" classname="com.qa.Test.TctransFund" time="4.588">
    <system-out><![CDATA[Trying to find Element By : By.xpath: //input[@name='username']
Found Element By : By.xpath: //input[@name='username']
Trying to find Element By : By.xpath: //input[@name='password']
Found Element By : By.xpath: //input[@name='password']
Trying to find Element By : By.xpath: //input[@value='Log In']
Found Element By : By.xpath: //input[@value='Log In']
Trying to click on: [[ChromeDriver: chrome on WINDOWS (f3d6fd63b3f3c69163e0dbb266fdb2b7)] -> xpath: //input[@value='Log In']]
Clicked on: [[ChromeDriver: chrome on WINDOWS (f3d6fd63b3f3c69163e0dbb266fdb2b7)] -> xpath: //input[@value='Log In']]
Trying to find Element By : By.xpath: //a[text()='Transfer Funds'] 
Found Element By : By.xpath: //a[text()='Transfer Funds'] 
Trying to click on: [[ChromeDriver: chrome on WINDOWS (f3d6fd63b3f3c69163e0dbb266fdb2b7)] -> xpath: //a[text()='Transfer Funds'] ]
Clicked on: [[ChromeDriver: chrome on WINDOWS (f3d6fd63b3f3c69163e0dbb266fdb2b7)] -> xpath: //a[text()='Transfer Funds'] ]
Trying to find Element By : By.xpath: //input[@id='amount']   
Found Element By : By.xpath: //input[@id='amount']   
Trying to find Element By : By.xpath: //input[@value='Transfer']  
Found Element By : By.xpath: //input[@value='Transfer']  
Trying to click on: [[ChromeDriver: chrome on WINDOWS (f3d6fd63b3f3c69163e0dbb266fdb2b7)] -> xpath: //input[@value='Transfer']  ]
Clicked on: [[ChromeDriver: chrome on WINDOWS (f3d6fd63b3f3c69163e0dbb266fdb2b7)] -> xpath: //input[@value='Transfer']  ]
]]></system-out>
    <system-err><![CDATA[Starting ChromeDriver 97.0.4692.71 (adefa7837d02a07a604c1e6eff0b3a09422ab88d-refs/branch-heads/4692@{#1247}) on port 40339
Only local connections are allowed.
Please see https://chromedriver.chromium.org/security-considerations for suggestions on keeping ChromeDriver safe.
ChromeDriver was started successfully.
Feb 06, 2022 6:05:04 PM org.openqa.selenium.remote.ProtocolHandshake createSession
INFO: Detected dialect: W3C
]]></system-err>
  </testcase>
  <testcase name="aotitle" classname="com.qa.Test.TctransFund" time="0.028">
    <system-out><![CDATA[Trying to find Element By : By.xpath: //h1[text()='Transfer Complete!']
Found Element By : By.xpath: //h1[text()='Transfer Complete!']
]]></system-out>
  </testcase>
  <testcase name="htitle" classname="com.qa.Test.TctransFund" time="0.004"/>
</testsuite>