<?xml version="1.0" encoding="UTF-8"?>
<testng-results ignored="9" total="19" passed="7" failed="3" skipped="0">
  <reporter-output>
  </reporter-output>
  <suite started-at="2022-02-06T18:00:53 IST" name="Suite" finished-at="2022-02-06T18:01:27 IST" duration-ms="34142">
    <groups>
      <group name="regression">
        <method signature="TchomePage.con()[pri:3, instance:com.qa.Test.TchomePage@59309333]" name="con" class="com.qa.Test.TchomePage"/>
        <method signature="TchomePage.htitle()[pri:1, instance:com.qa.Test.TchomePage@59309333]" name="htitle" class="com.qa.Test.TchomePage"/>
        <method signature="TchomePage.log()[pri:2, instance:com.qa.Test.TchomePage@59309333]" name="log" class="com.qa.Test.TchomePage"/>
        <method signature="TchomePage.ltitle()[pri:4, instance:com.qa.Test.TchomePage@59309333]" name="ltitle" class="com.qa.Test.TchomePage"/>
        <method signature="TcloanRequest.aotitle()[pri:2, instance:com.qa.Test.TcloanRequest@6572421]" name="aotitle" class="com.qa.Test.TcloanRequest"/>
        <method signature="TcloanRequest.htitle()[pri:3, instance:com.qa.Test.TcloanRequest@6572421]" name="htitle" class="com.qa.Test.TcloanRequest"/>
        <method signature="TcloanRequest.t1()[pri:1, instance:com.qa.Test.TcloanRequest@6572421]" name="t1" class="com.qa.Test.TcloanRequest"/>
        <method signature="TctransFund.htitle()[pri:4, instance:com.qa.Test.TctransFund@6b81ce95]" name="htitle" class="com.qa.Test.TctransFund"/>
      </group> <!-- regression -->
      <group name="smoke">
        <method signature="TchomePage.con()[pri:3, instance:com.qa.Test.TchomePage@59309333]" name="con" class="com.qa.Test.TchomePage"/>
        <method signature="TchomePage.htitle()[pri:1, instance:com.qa.Test.TchomePage@59309333]" name="htitle" class="com.qa.Test.TchomePage"/>
        <method signature="TchomePage.log()[pri:2, instance:com.qa.Test.TchomePage@59309333]" name="log" class="com.qa.Test.TchomePage"/>
        <method signature="TchomePage.ltitle()[pri:4, instance:com.qa.Test.TchomePage@59309333]" name="ltitle" class="com.qa.Test.TchomePage"/>
        <method signature="TcloanRequest.aotitle()[pri:2, instance:com.qa.Test.TcloanRequest@6572421]" name="aotitle" class="com.qa.Test.TcloanRequest"/>
        <method signature="TcloanRequest.htitle()[pri:3, instance:com.qa.Test.TcloanRequest@6572421]" name="htitle" class="com.qa.Test.TcloanRequest"/>
        <method signature="TcloanRequest.t1()[pri:1, instance:com.qa.Test.TcloanRequest@6572421]" name="t1" class="com.qa.Test.TcloanRequest"/>
        <method signature="TctransFund.aotitle()[pri:3, instance:com.qa.Test.TctransFund@6b81ce95]" name="aotitle" class="com.qa.Test.TctransFund"/>
        <method signature="TctransFund.htitle()[pri:4, instance:com.qa.Test.TctransFund@6b81ce95]" name="htitle" class="com.qa.Test.TctransFund"/>
        <method signature="TctransFund.t1()[pri:2, instance:com.qa.Test.TctransFund@6b81ce95]" name="t1" class="com.qa.Test.TctransFund"/>
      </group> <!-- smoke -->
      <group name="sanity">
        <method signature="TchomePage.htitle()[pri:1, instance:com.qa.Test.TchomePage@59309333]" name="htitle" class="com.qa.Test.TchomePage"/>
        <method signature="TcloanRequest.aotitle()[pri:2, instance:com.qa.Test.TcloanRequest@6572421]" name="aotitle" class="com.qa.Test.TcloanRequest"/>
        <method signature="TcloanRequest.htitle()[pri:3, instance:com.qa.Test.TcloanRequest@6572421]" name="htitle" class="com.qa.Test.TcloanRequest"/>
        <method signature="TcloanRequest.t1()[pri:1, instance:com.qa.Test.TcloanRequest@6572421]" name="t1" class="com.qa.Test.TcloanRequest"/>
        <method signature="TctransFund.htitle()[pri:4, instance:com.qa.Test.TctransFund@6b81ce95]" name="htitle" class="com.qa.Test.TctransFund"/>
      </group> <!-- sanity -->
    </groups>
    <test started-at="2022-02-06T18:00:53 IST" name="Test" finished-at="2022-02-06T18:01:27 IST" duration-ms="34142">
      <class name="com.qa.Test.TchomePage">
        <test-method is-config="true" signature="launch()[pri:0, instance:com.qa.Test.TchomePage@59309333]" started-at="2022-02-06T18:00:53 IST" name="launch" finished-at="2022-02-06T18:00:59 IST" duration-ms="6169" status="PASS">
          <reporter-output>
          </reporter-output>
        </test-method> <!-- launch -->
        <test-method signature="htitle()[pri:1, instance:com.qa.Test.TchomePage@59309333]" started-at="2022-02-06T18:00:59 IST" name="htitle" finished-at="2022-02-06T18:00:59 IST" duration-ms="18" status="PASS">
          <reporter-output>
          </reporter-output>
        </test-method> <!-- htitle -->
        <test-method signature="log()[pri:2, instance:com.qa.Test.TchomePage@59309333]" started-at="2022-02-06T18:01:09 IST" name="log" finished-at="2022-02-06T18:01:10 IST" duration-ms="994" status="PASS">
          <reporter-output>
          </reporter-output>
        </test-method> <!-- log -->
        <test-method signature="con()[pri:3, instance:com.qa.Test.TchomePage@59309333]" started-at="2022-02-06T18:01:21 IST" name="con" finished-at="2022-02-06T18:01:22 IST" duration-ms="535" status="PASS">
          <reporter-output>
          </reporter-output>
        </test-method> <!-- con -->
        <test-method signature="ltitle()[pri:4, instance:com.qa.Test.TchomePage@59309333]" started-at="2022-02-06T18:01:25 IST" name="ltitle" finished-at="2022-02-06T18:01:27 IST" duration-ms="2001" status="FAIL">
          <exception class="java.lang.StackOverflowError">
            <full-stacktrace>
              <![CDATA[java.lang.StackOverflowError
at java.base/sun.nio.cs.SingleByte$Encoder.encodeArrayLoop(SingleByte.java:237)
at java.base/sun.nio.cs.SingleByte$Encoder.encodeLoop(SingleByte.java:270)
at java.base/java.nio.charset.CharsetEncoder.encode(CharsetEncoder.java:585)
at java.base/sun.nio.cs.StreamEncoder.implWrite(StreamEncoder.java:293)
at java.base/sun.nio.cs.StreamEncoder.implWrite(StreamEncoder.java:282)
at java.base/sun.nio.cs.StreamEncoder.write(StreamEncoder.java:132)
at java.base/java.io.OutputStreamWriter.write(OutputStreamWriter.java:205)
at java.base/java.io.BufferedWriter.flushBuffer(BufferedWriter.java:120)
at java.base/java.io.PrintStream.writeln(PrintStream.java:722)
at java.base/java.io.PrintStream.println(PrintStream.java:1028)
at com.qa.utilities.WebEventListener.onException(WebEventListener.java:58)
at jdk.internal.reflect.GeneratedMethodAccessor7.invoke(Unknown Source)
at java.base/jdk.internal.reflect.DelegatingMethodAccessorImpl.invoke(DelegatingMethodAccessorImpl.java:43)
at java.base/java.lang.reflect.Method.invoke(Method.java:568)
at org.openqa.selenium.support.events.EventFiringWebDriver.lambda$new$0(EventFiringWebDriver.java:84)
at jdk.proxy2/jdk.proxy2.$Proxy12.onException(Unknown Source)
at org.openqa.selenium.support.events.EventFiringWebDriver.lambda$new$1(EventFiringWebDriver.java:107)
at jdk.proxy2/jdk.proxy2.$Proxy13.getScreenshotAs(Unknown Source)
at org.openqa.selenium.support.events.EventFiringWebDriver.getScreenshotAs(EventFiringWebDriver.java:302)
at com.qa.utilities.readDataExcel.takeScreenshotAtEndOfTest(readDataExcel.java:51)
at com.qa.utilities.WebEventListener.onException(WebEventListener.java:60)
at jdk.internal.reflect.GeneratedMethodAccessor7.invoke(Unknown Source)
at java.base/jdk.internal.reflect.DelegatingMethodAccessorImpl.invoke(DelegatingMethodAccessorImpl.java:43)
at java.base/java.lang.reflect.Method.invoke(Method.java:568)
at org.openqa.selenium.support.events.EventFiringWebDriver.lambda$new$0(EventFiringWebDriver.java:84)
at jdk.proxy2/jdk.proxy2.$Proxy12.onException(Unknown Source)
at org.openqa.selenium.support.events.EventFiringWebDriver.lambda$new$1(EventFiringWebDriver.java:107)
at jdk.proxy2/jdk.proxy2.$Proxy13.getScreenshotAs(Unknown Source)
at org.openqa.selenium.support.events.EventFiringWebDriver.getScreenshotAs(EventFiringWebDriver.java:302)
at com.qa.utilities.readDataExcel.takeScreenshotAtEndOfTest(readDataExcel.java:51)
at com.qa.utilities.WebEventListener.onException(WebEventListener.java:60)
at jdk.internal.reflect.GeneratedMethodAccessor7.invoke(Unknown Source)
at java.base/jdk.internal.reflect.DelegatingMethodAccessorImpl.invoke(DelegatingMethodAccessorImpl.java:43)
at java.base/java.lang.reflect.Method.invoke(Method.java:568)
at org.openqa.selenium.support.events.EventFiringWebDriver.lambda$new$0(EventFiringWebDriver.java:84)
at jdk.proxy2/jdk.proxy2.$Proxy12.onException(Unknown Source)
at org.openqa.selenium.support.events.EventFiringWebDriver.lambda$new$1(EventFiringWebDriver.java:107)
at jdk.proxy2/jdk.proxy2.$Proxy13.getScreenshotAs(Unknown Source)
at org.openqa.selenium.support.events.EventFiringWebDriver.getScreenshotAs(EventFiringWebDriver.java:302)
at com.qa.utilities.readDataExcel.takeScreenshotAtEndOfTest(readDataExcel.java:51)
at com.qa.utilities.WebEventListener.onException(WebEventListener.java:60)
at jdk.internal.reflect.GeneratedMethodAccessor7.invoke(Unknown Source)
at java.base/jdk.internal.reflect.DelegatingMethodAccessorImpl.invoke(DelegatingMethodAccessorImpl.java:43)
at java.base/java.lang.reflect.Method.invoke(Method.java:568)
at org.openqa.selenium.support.events.EventFiringWebDriver.lambda$new$0(EventFiringWebDriver.java:84)
at jdk.proxy2/jdk.proxy2.$Proxy12.onException(Unknown Source)
at org.openqa.selenium.support.events.EventFiringWebDriver.lambda$new$1(EventFiringWebDriver.java:107)
at jdk.proxy2/jdk.proxy2.$Proxy13.getScreenshotAs(Unknown Source)
at org.openqa.selenium.support.events.EventFiringWebDriver.getScreenshotAs(EventFiringWebDriver.java:302)
at com.qa.utilities.readDataExcel.takeScreenshotAtEndOfTest(readDataExcel.java:51)
at com.qa.utilities.WebEventListener.onException(WebEventListener.java:60)
at jdk.internal.reflect.GeneratedMethodAccessor7.invoke(Unknown Source)
at java.base/jdk.internal.reflect.DelegatingMethodAccessorImpl.invoke(DelegatingMethodAccessorImpl.java:43)
at java.base/java.lang.reflect.Method.invoke(Method.java:568)
at org.openqa.selenium.support.events.EventFiringWebDriver.lambda$new$0(EventFiringWebDriver.java:84)
at jdk.proxy2/jdk.proxy2.$Proxy12.onException(Unknown Source)
at org.openqa.selenium.support.events.EventFiringWebDriver.lambda$new$1(EventFiringWebDriver.java:107)
at jdk.proxy2/jdk.proxy2.$Proxy13.getScreenshotAs(Unknown Source)
at org.openqa.selenium.support.events.EventFiringWebDriver.getScreenshotAs(EventFiringWebDriver.java:302)
at com.qa.utilities.readDataExcel.takeScreenshotAtEndOfTest(readDataExcel.java:51)
at com.qa.utilities.WebEventListener.onException(WebEventListener.java:60)
at jdk.internal.reflect.GeneratedMethodAccessor7.invoke(Unknown Source)
at java.base/jdk.internal.reflect.DelegatingMethodAccessorImpl.invoke(DelegatingMethodAccessorImpl.java:43)
at java.base/java.lang.reflect.Method.invoke(Method.java:568)
at org.openqa.selenium.support.events.EventFiringWebDriver.lambda$new$0(EventFiringWebDriver.java:84)
at jdk.proxy2/jdk.proxy2.$Proxy12.onException(Unknown Source)
at org.openqa.selenium.support.events.EventFiringWebDriver.lambda$new$1(EventFiringWebDriver.java:107)
at jdk.proxy2/jdk.proxy2.$Proxy13.getScreenshotAs(Unknown Source)
at org.openqa.selenium.support.events.EventFiringWebDriver.getScreenshotAs(EventFiringWebDriver.java:302)
at com.qa.utilities.readDataExcel.takeScreenshotAtEndOfTest(readDataExcel.java:51)
at com.qa.utilities.WebEventListener.onException(WebEventListener.java:60)
at jdk.internal.reflect.GeneratedMethodAccessor7.invoke(Unknown Source)
at java.base/jdk.internal.reflect.DelegatingMethodAccessorImpl.invoke(DelegatingMethodAccessorImpl.java:43)
at java.base/java.lang.reflect.Method.invoke(Method.java:568)
at org.openqa.selenium.support.events.EventFiringWebDriver.lambda$new$0(EventFiringWebDriver.java:84)
at jdk.proxy2/jdk.proxy2.$Proxy12.onException(Unknown Source)
at org.openqa.selenium.support.events.EventFiringWebDriver.lambda$new$1(EventFiringWebDriver.java:107)
at jdk.proxy2/jdk.proxy2.$Proxy13.getScreenshotAs(Unknown Source)
at org.openqa.selenium.support.events.EventFiringWebDriver.getScreenshotAs(EventFiringWebDriver.java:302)
at com.qa.utilities.readDataExcel.takeScreenshotAtEndOfTest(readDataExcel.java:51)
at com.qa.utilities.WebEventListener.onException(WebEventListener.java:60)
at jdk.internal.reflect.GeneratedMethodAccessor7.invoke(Unknown Source)
at java.base/jdk.internal.reflect.DelegatingMethodAccessorImpl.invoke(DelegatingMethodAccessorImpl.java:43)
at java.base/java.lang.reflect.Method.invoke(Method.java:568)
at org.openqa.selenium.support.events.EventFiringWebDriver.lambda$new$0(EventFiringWebDriver.java:84)
at jdk.proxy2/jdk.proxy2.$Proxy12.onException(Unknown Source)
at org.openqa.selenium.support.events.EventFiringWebDriver.lambda$new$1(EventFiringWebDriver.java:107)
at jdk.proxy2/jdk.proxy2.$Proxy13.getScreenshotAs(Unknown Source)
at org.openqa.selenium.support.events.EventFiringWebDriver.getScreenshotAs(EventFiringWebDriver.java:302)
at com.qa.utilities.readDataExcel.takeScreenshotAtEndOfTest(readDataExcel.java:51)
at com.qa.utilities.WebEventListener.onException(WebEventListener.java:60)
at jdk.internal.reflect.GeneratedMethodAccessor7.invoke(Unknown Source)
at java.base/jdk.internal.reflect.DelegatingMethodAccessorImpl.invoke(DelegatingMethodAccessorImpl.java:43)
at java.base/java.lang.reflect.Method.invoke(Method.java:568)
at org.openqa.selenium.support.events.EventFiringWebDriver.lambda$new$0(EventFiringWebDriver.java:84)
at jdk.proxy2/jdk.proxy2.$Proxy12.onException(Unknown Source)
at org.openqa.selenium.support.events.EventFiringWebDriver.lambda$new$1(EventFiringWebDriver.java:107)
at jdk.proxy2/jdk.proxy2.$Proxy13.getScreenshotAs(Unknown Source)
at org.openqa.selenium.support.events.EventFiringWebDriver.getScreenshotAs(EventFiringWebDriver.java:302)
at com.qa.utilities.readDataExcel.takeScreenshotAtEndOfTest(readDataExcel.java:51)
at com.qa.utilities.WebEventListener.onException(WebEventListener.java:60)
at jdk.internal.reflect.GeneratedMethodAccessor7.invoke(Unknown Source)
at java.base/jdk.internal.reflect.DelegatingMethodAccessorImpl.invoke(DelegatingMethodAccessorImpl.java:43)
at java.base/java.lang.reflect.Method.invoke(Method.java:568)
at org.openqa.selenium.support.events.EventFiringWebDriver.lambda$new$0(EventFiringWebDriver.java:84)
at jdk.proxy2/jdk.proxy2.$Proxy12.onException(Unknown Source)
at org.openqa.selenium.support.events.EventFiringWebDriver.lambda$new$1(EventFiringWebDriver.java:107)
at jdk.proxy2/jdk.proxy2.$Proxy13.getScreenshotAs(Unknown Source)
at org.openqa.selenium.support.events.EventFiringWebDriver.getScreenshotAs(EventFiringWebDriver.java:302)
at com.qa.utilities.readDataExcel.takeScreenshotAtEndOfTest(readDataExcel.java:51)
at com.qa.utilities.WebEventListener.onException(WebEventListener.java:60)
at jdk.internal.reflect.GeneratedMethodAccessor7.invoke(Unknown Source)
at java.base/jdk.internal.reflect.DelegatingMethodAccessorImpl.invoke(DelegatingMethodAccessorImpl.java:43)
at java.base/java.lang.reflect.Method.invoke(Method.java:568)
at org.openqa.selenium.support.events.EventFiringWebDriver.lambda$new$0(EventFiringWebDriver.java:84)
at jdk.proxy2/jdk.proxy2.$Proxy12.onException(Unknown Source)
at org.openqa.selenium.support.events.EventFiringWebDriver.lambda$new$1(EventFiringWebDriver.java:107)
at jdk.proxy2/jdk.proxy2.$Proxy13.getScreenshotAs(Unknown Source)
at org.openqa.selenium.support.events.EventFiringWebDriver.getScreenshotAs(EventFiringWebDriver.java:302)
at com.qa.utilities.readDataExcel.takeScreenshotAtEndOfTest(readDataExcel.java:51)
at com.qa.utilities.WebEventListener.onException(WebEventListener.java:60)
at jdk.internal.reflect.GeneratedMethodAccessor7.invoke(Unknown Source)
at java.base/jdk.internal.reflect.DelegatingMethodAccessorImpl.invoke(DelegatingMethodAccessorImpl.java:43)
at java.base/java.lang.reflect.Method.invoke(Method.java:568)
at org.openqa.selenium.support.events.EventFiringWebDriver.lambda$new$0(EventFiringWebDriver.java:84)
at jdk.proxy2/jdk.proxy2.$Proxy12.onException(Unknown Source)
at org.openqa.selenium.support.events.EventFiringWebDriver.lambda$new$1(EventFiringWebDriver.java:107)
at jdk.proxy2/jdk.proxy2.$Proxy13.getScreenshotAs(Unknown Source)
at org.openqa.selenium.support.events.EventFiringWebDriver.getScreenshotAs(EventFiringWebDriver.java:302)
at com.qa.utilities.readDataExcel.takeScreenshotAtEndOfTest(readDataExcel.java:51)
at com.qa.utilities.WebEventListener.onException(WebEventListener.java:60)
at jdk.internal.reflect.GeneratedMethodAccessor7.invoke(Unknown Source)
at java.base/jdk.internal.reflect.DelegatingMethodAccessorImpl.invoke(DelegatingMethodAccessorImpl.java:43)
at java.base/java.lang.reflect.Method.invoke(Method.java:568)
at org.openqa.selenium.support.events.EventFiringWebDriver.lambda$new$0(EventFiringWebDriver.java:84)
at jdk.proxy2/jdk.proxy2.$Proxy12.onException(Unknown Source)
at org.openqa.selenium.support.events.EventFiringWebDriver.lambda$new$1(EventFiringWebDriver.java:107)
at jdk.proxy2/jdk.proxy2.$Proxy13.getScreenshotAs(Unknown Source)
at org.openqa.selenium.support.events.EventFiringWebDriver.getScreenshotAs(EventFiringWebDriver.java:302)
at com.qa.utilities.readDataExcel.takeScreenshotAtEndOfTest(readDataExcel.java:51)
at com.qa.utilities.WebEventListener.onException(WebEventListener.java:60)
at jdk.internal.reflect.GeneratedMethodAccessor7.invoke(Unknown Source)
at java.base/jdk.internal.reflect.DelegatingMethodAccessorImpl.invoke(DelegatingMethodAccessorImpl.java:43)
at java.base/java.lang.reflect.Method.invoke(Method.java:568)
at org.openqa.selenium.support.events.EventFiringWebDriver.lambda$new$0(EventFiringWebDriver.java:84)
at jdk.proxy2/jdk.proxy2.$Proxy12.onException(Unknown Source)
at org.openqa.selenium.support.events.EventFiringWebDriver.lambda$new$1(EventFiringWebDriver.java:107)
at jdk.proxy2/jdk.proxy2.$Proxy13.getScreenshotAs(Unknown Source)
at org.openqa.selenium.support.events.EventFiringWebDriver.getScreenshotAs(EventFiringWebDriver.java:302)
at com.qa.utilities.readDataExcel.takeScreenshotAtEndOfTest(readDataExcel.java:51)
at com.qa.utilities.WebEventListener.onException(WebEventListener.java:60)
at jdk.internal.reflect.GeneratedMethodAccessor7.invoke(Unknown Source)
at java.base/jdk.internal.reflect.DelegatingMethodAccessorImpl.invoke(DelegatingMethodAccessorImpl.java:43)
at java.base/java.lang.reflect.Method.invoke(Method.java:568)
at org.openqa.selenium.support.events.EventFiringWebDriver.lambda$new$0(EventFiringWebDriver.java:84)
at jdk.proxy2/jdk.proxy2.$Proxy12.onException(Unknown Source)
at org.openqa.selenium.support.events.EventFiringWebDriver.lambda$new$1(EventFiringWebDriver.java:107)
at jdk.proxy2/jdk.proxy2.$Proxy13.getScreenshotAs(Unknown Source)
at org.openqa.selenium.support.events.EventFiringWebDriver.getScreenshotAs(EventFiringWebDriver.java:302)
at com.qa.utilities.readDataExcel.takeScreenshotAtEndOfTest(readDataExcel.java:51)
at com.qa.utilities.WebEventListener.onException(WebEventListener.java:60)
at jdk.internal.reflect.GeneratedMethodAccessor7.invoke(Unknown Source)
at java.base/jdk.internal.reflect.DelegatingMethodAccessorImpl.invoke(DelegatingMethodAccessorImpl.java:43)
at java.base/java.lang.reflect.Method.invoke(Method.java:568)
at org.openqa.selenium.support.events.EventFiringWebDriver.lambda$new$0(EventFiringWebDriver.java:84)
at jdk.proxy2/jdk.proxy2.$Proxy12.onException(Unknown Source)
at org.openqa.selenium.support.events.EventFiringWebDriver.lambda$new$1(EventFiringWebDriver.java:107)
at jdk.proxy2/jdk.proxy2.$Proxy13.getScreenshotAs(Unknown Source)
at org.openqa.selenium.support.events.EventFiringWebDriver.getScreenshotAs(EventFiringWebDriver.java:302)
at com.qa.utilities.readDataExcel.takeScreenshotAtEndOfTest(readDataExcel.java:51)
at com.qa.utilities.WebEventListener.onException(WebEventListener.java:60)
at jdk.internal.reflect.GeneratedMethodAccessor7.invoke(Unknown Source)
at java.base/jdk.internal.reflect.DelegatingMethodAccessorImpl.invoke(DelegatingMethodAccessorImpl.java:43)
at java.base/java.lang.reflect.Method.invoke(Method.java:568)
at org.openqa.selenium.support.events.EventFiringWebDriver.lambda$new$0(EventFiringWebDriver.java:84)
at jdk.proxy2/jdk.proxy2.$Proxy12.onException(Unknown Source)
at org.openqa.selenium.support.events.EventFiringWebDriver.lambda$new$1(EventFiringWebDriver.java:107)
at jdk.proxy2/jdk.proxy2.$Proxy13.getScreenshotAs(Unknown Source)
at org.openqa.selenium.support.events.EventFiringWebDriver.getScreenshotAs(EventFiringWebDriver.java:302)
at com.qa.utilities.readDataExcel.takeScreenshotAtEndOfTest(readDataExcel.java:51)
at com.qa.utilities.WebEventListener.onException(WebEventListener.java:60)
at jdk.internal.reflect.GeneratedMethodAccessor7.invoke(Unknown Source)
at java.base/jdk.internal.reflect.DelegatingMethodAccessorImpl.invoke(DelegatingMethodAccessorImpl.java:43)
at java.base/java.lang.reflect.Method.invoke(Method.java:568)
at org.openqa.selenium.support.events.EventFiringWebDriver.lambda$new$0(EventFiringWebDriver.java:84)
at jdk.proxy2/jdk.proxy2.$Proxy12.onException(Unknown Source)
at org.openqa.selenium.support.events.EventFiringWebDriver.lambda$new$1(EventFiringWebDriver.java:107)
at jdk.proxy2/jdk.proxy2.$Proxy13.getScreenshotAs(Unknown Source)
at org.openqa.selenium.support.events.EventFiringWebDriver.getScreenshotAs(EventFiringWebDriver.java:302)
at com.qa.utilities.readDataExcel.takeScreenshotAtEndOfTest(readDataExcel.java:51)
at com.qa.utilities.WebEventListener.onException(WebEventListener.java:60)
at jdk.internal.reflect.GeneratedMethodAccessor7.invoke(Unknown Source)
at java.base/jdk.internal.reflect.DelegatingMethodAccessorImpl.invoke(DelegatingMethodAccessorImpl.java:43)
at java.base/java.lang.reflect.Method.invoke(Method.java:568)
at org.openqa.selenium.support.events.EventFiringWebDriver.lambda$new$0(EventFiringWebDriver.java:84)
at jdk.proxy2/jdk.proxy2.$Proxy12.onException(Unknown Source)
at org.openqa.selenium.support.events.EventFiringWebDriver.lambda$new$1(EventFiringWebDriver.java:107)
at jdk.proxy2/jdk.proxy2.$Proxy13.getScreenshotAs(Unknown Source)
at org.openqa.selenium.support.events.EventFiringWebDriver.getScreenshotAs(EventFiringWebDriver.java:302)
at com.qa.utilities.readDataExcel.takeScreenshotAtEndOfTest(readDataExcel.java:51)
at com.qa.utilities.WebEventListener.onException(WebEventListener.java:60)
at jdk.internal.reflect.GeneratedMethodAccessor7.invoke(Unknown Source)
at java.base/jdk.internal.reflect.DelegatingMethodAccessorImpl.invoke(DelegatingMethodAccessorImpl.java:43)
at java.base/java.lang.reflect.Method.invoke(Method.java:568)
at org.openqa.selenium.support.events.EventFiringWebDriver.lambda$new$0(EventFiringWebDriver.java:84)
at jdk.proxy2/jdk.proxy2.$Proxy12.onException(Unknown Source)
at org.openqa.selenium.support.events.EventFiringWebDriver.lambda$new$1(EventFiringWebDriver.java:107)
at jdk.proxy2/jdk.proxy2.$Proxy13.getScreenshotAs(Unknown Source)
at org.openqa.selenium.support.events.EventFiringWebDriver.getScreenshotAs(EventFiringWebDriver.java:302)
at com.qa.utilities.readDataExcel.takeScreenshotAtEndOfTest(readDataExcel.java:51)
at com.qa.utilities.WebEventListener.onException(WebEventListener.java:60)
at jdk.internal.reflect.GeneratedMethodAccessor7.invoke(Unknown Source)
at java.base/jdk.internal.reflect.DelegatingMethodAccessorImpl.invoke(DelegatingMethodAccessorImpl.java:43)
at java.base/java.lang.reflect.Method.invoke(Method.java:568)
at org.openqa.selenium.support.events.EventFiringWebDriver.lambda$new$0(EventFiringWebDriver.java:84)
at jdk.proxy2/jdk.proxy2.$Proxy12.onException(Unknown Source)
at org.openqa.selenium.support.events.EventFiringWebDriver.lambda$new$1(EventFiringWebDriver.java:107)
at jdk.proxy2/jdk.proxy2.$Proxy13.getScreenshotAs(Unknown Source)
at org.openqa.selenium.support.events.EventFiringWebDriver.getScreenshotAs(EventFiringWebDriver.java:302)
at com.qa.utilities.readDataExcel.takeScreenshotAtEndOfTest(readDataExcel.java:51)
at com.qa.utilities.WebEventListener.onException(WebEventListener.java:60)
at jdk.internal.reflect.GeneratedMethodAccessor7.invoke(Unknown Source)
at java.base/jdk.internal.reflect.DelegatingMethodAccessorImpl.invoke(DelegatingMethodAccessorImpl.java:43)
at java.base/java.lang.reflect.Method.invoke(Method.java:568)
at org.openqa.selenium.support.events.EventFiringWebDriver.lambda$new$0(EventFiringWebDriver.java:84)
at jdk.proxy2/jdk.proxy2.$Proxy12.onException(Unknown Source)
at org.openqa.selenium.support.events.EventFiringWebDriver.lambda$new$1(EventFiringWebDriver.java:107)
at jdk.proxy2/jdk.proxy2.$Proxy13.getScreenshotAs(Unknown Source)
at org.openqa.selenium.support.events.EventFiringWebDriver.getScreenshotAs(EventFiringWebDriver.java:302)
at com.qa.utilities.readDataExcel.takeScreenshotAtEndOfTest(readDataExcel.java:51)
at com.qa.utilities.WebEventListener.onException(WebEventListener.java:60)
at jdk.internal.reflect.GeneratedMethodAccessor7.invoke(Unknown Source)
at java.base/jdk.internal.reflect.DelegatingMethodAccessorImpl.invoke(DelegatingMethodAccessorImpl.java:43)
at java.base/java.lang.reflect.Method.invoke(Method.java:568)
at org.openqa.selenium.support.events.EventFiringWebDriver.lambda$new$0(EventFiringWebDriver.java:84)
at jdk.proxy2/jdk.proxy2.$Proxy12.onException(Unknown Source)
at org.openqa.selenium.support.events.EventFiringWebDriver.lambda$new$1(EventFiringWebDriver.java:107)
at jdk.proxy2/jdk.proxy2.$Proxy13.getScreenshotAs(Unknown Source)
at org.openqa.selenium.support.events.EventFiringWebDriver.getScreenshotAs(EventFiringWebDriver.java:302)
at com.qa.utilities.readDataExcel.takeScreenshotAtEndOfTest(readDataExcel.java:51)
at com.qa.utilities.WebEventListener.onException(WebEventListener.java:60)
at jdk.internal.reflect.GeneratedMethodAccessor7.invoke(Unknown Source)
at java.base/jdk.internal.reflect.DelegatingMethodAccessorImpl.invoke(DelegatingMethodAccessorImpl.java:43)
at java.base/java.lang.reflect.Method.invoke(Method.java:568)
at org.openqa.selenium.support.events.EventFiringWebDriver.lambda$new$0(EventFiringWebDriver.java:84)
at jdk.proxy2/jdk.proxy2.$Proxy12.onException(Unknown Source)
at org.openqa.selenium.support.events.EventFiringWebDriver.lambda$new$1(EventFiringWebDriver.java:107)
at jdk.proxy2/jdk.proxy2.$Proxy13.getScreenshotAs(Unknown Source)
at org.openqa.selenium.support.events.EventFiringWebDriver.getScreenshotAs(EventFiringWebDriver.java:302)
at com.qa.utilities.readDataExcel.takeScreenshotAtEndOfTest(readDataExcel.java:51)
at com.qa.utilities.WebEventListener.onException(WebEventListener.java:60)
at jdk.internal.reflect.GeneratedMethodAccessor7.invoke(Unknown Source)
at java.base/jdk.internal.reflect.DelegatingMethodAccessorImpl.invoke(DelegatingMethodAccessorImpl.java:43)
at java.base/java.lang.reflect.Method.invoke(Method.java:568)
at org.openqa.selenium.support.events.EventFiringWebDriver.lambda$new$0(EventFiringWebDriver.java:84)
at jdk.proxy2/jdk.proxy2.$Proxy12.onException(Unknown Source)
at org.openqa.selenium.support.events.EventFiringWebDriver.lambda$new$1(EventFiringWebDriver.java:107)
at jdk.proxy2/jdk.proxy2.$Proxy13.getScreenshotAs(Unknown Source)
at org.openqa.selenium.support.events.EventFiringWebDriver.getScreenshotAs(EventFiringWebDriver.java:302)
at com.qa.utilities.readDataExcel.takeScreenshotAtEndOfTest(readDataExcel.java:51)
at com.qa.utilities.WebEventListener.onException(WebEventListener.java:60)
at jdk.internal.reflect.GeneratedMethodAccessor7.invoke(Unknown Source)
at java.base/jdk.internal.reflect.DelegatingMethodAccessorImpl.invoke(DelegatingMethodAccessorImpl.java:43)
at java.base/java.lang.reflect.Method.invoke(Method.java:568)
at org.openqa.selenium.support.events.EventFiringWebDriver.lambda$new$0(EventFiringWebDriver.java:84)
at jdk.proxy2/jdk.proxy2.$Proxy12.onException(Unknown Source)
at org.openqa.selenium.support.events.EventFiringWebDriver.lambda$new$1(EventFiringWebDriver.java:107)
at jdk.proxy2/jdk.proxy2.$Proxy13.getScreenshotAs(Unknown Source)
at org.openqa.selenium.support.events.EventFiringWebDriver.getScreenshotAs(EventFiringWebDriver.java:302)
at com.qa.utilities.readDataExcel.takeScreenshotAtEndOfTest(readDataExcel.java:51)
at com.qa.utilities.WebEventListener.onException(WebEventListener.java:60)
at jdk.internal.reflect.GeneratedMethodAccessor7.invoke(Unknown Source)
at java.base/jdk.internal.reflect.DelegatingMethodAccessorImpl.invoke(DelegatingMethodAccessorImpl.java:43)
at java.base/java.lang.reflect.Method.invoke(Method.java:568)
at org.openqa.selenium.support.events.EventFiringWebDriver.lambda$new$0(EventFiringWebDriver.java:84)
at jdk.proxy2/jdk.proxy2.$Proxy12.onException(Unknown Source)
at org.openqa.selenium.support.events.EventFiringWebDriver.lambda$new$1(EventFiringWebDriver.java:107)
at jdk.proxy2/jdk.proxy2.$Proxy13.getScreenshotAs(Unknown Source)
at org.openqa.selenium.support.events.EventFiringWebDriver.getScreenshotAs(EventFiringWebDriver.java:302)
at com.qa.utilities.readDataExcel.takeScreenshotAtEndOfTest(readDataExcel.java:51)
at com.qa.utilities.WebEventListener.onException(WebEventListener.java:60)
at jdk.internal.reflect.GeneratedMethodAccessor7.invoke(Unknown Source)
at java.base/jdk.internal.reflect.DelegatingMethodAccessorImpl.invoke(DelegatingMethodAccessorImpl.java:43)
at java.base/java.lang.reflect.Method.invoke(Method.java:568)
at org.openqa.selenium.support.events.EventFiringWebDriver.lambda$new$0(EventFiringWebDriver.java:84)
at jdk.proxy2/jdk.proxy2.$Proxy12.onException(Unknown Source)
at org.openqa.selenium.support.events.EventFiringWebDriver.lambda$new$1(EventFiringWebDriver.java:107)
at jdk.proxy2/jdk.proxy2.$Proxy13.getScreenshotAs(Unknown Source)
at org.openqa.selenium.support.events.EventFiringWebDriver.getScreenshotAs(EventFiringWebDriver.java:302)
at com.qa.utilities.readDataExcel.takeScreenshotAtEndOfTest(readDataExcel.java:51)
at com.qa.utilities.WebEventListener.onException(WebEventListener.java:60)
at jdk.internal.reflect.GeneratedMethodAccessor7.invoke(Unknown Source)
at java.base/jdk.internal.reflect.DelegatingMethodAccessorImpl.invoke(DelegatingMethodAccessorImpl.java:43)
at java.base/java.lang.reflect.Method.invoke(Method.java:568)
at org.openqa.selenium.support.events.EventFiringWebDriver.lambda$new$0(EventFiringWebDriver.java:84)
at jdk.proxy2/jdk.proxy2.$Proxy12.onException(Unknown Source)
at org.openqa.selenium.support.events.EventFiringWebDriver.lambda$new$1(EventFiringWebDriver.java:107)
at jdk.proxy2/jdk.proxy2.$Proxy13.getScreenshotAs(Unknown Source)
at org.openqa.selenium.support.events.EventFiringWebDriver.getScreenshotAs(EventFiringWebDriver.java:302)
at com.qa.utilities.readDataExcel.takeScreenshotAtEndOfTest(readDataExcel.java:51)
at com.qa.utilities.WebEventListener.onException(WebEventListener.java:60)
at jdk.internal.reflect.GeneratedMethodAccessor7.invoke(Unknown Source)
at java.base/jdk.internal.reflect.DelegatingMethodAccessorImpl.invoke(DelegatingMethodAccessorImpl.java:43)
at java.base/java.lang.reflect.Method.invoke(Method.java:568)
at org.openqa.selenium.support.events.EventFiringWebDriver.lambda$new$0(EventFiringWebDriver.java:84)
at jdk.proxy2/jdk.proxy2.$Proxy12.onException(Unknown Source)
at org.openqa.selenium.support.events.EventFiringWebDriver.lambda$new$1(EventFiringWebDriver.java:107)
at jdk.proxy2/jdk.proxy2.$Proxy13.getScreenshotAs(Unknown Source)
at org.openqa.selenium.support.events.EventFiringWebDriver.getScreenshotAs(EventFiringWebDriver.java:302)
at com.qa.utilities.readDataExcel.takeScreenshotAtEndOfTest(readDataExcel.java:51)
at com.qa.utilities.WebEventListener.onException(WebEventListener.java:60)
at jdk.internal.reflect.GeneratedMethodAccessor7.invoke(Unknown Source)
at java.base/jdk.internal.reflect.DelegatingMethodAccessorImpl.invoke(DelegatingMethodAccessorImpl.java:43)
at java.base/java.lang.reflect.Method.invoke(Method.java:568)
at org.openqa.selenium.support.events.EventFiringWebDriver.lambda$new$0(EventFiringWebDriver.java:84)
at jdk.proxy2/jdk.proxy2.$Proxy12.onException(Unknown Source)
at org.openqa.selenium.support.events.EventFiringWebDriver.lambda$new$1(EventFiringWebDriver.java:107)
at jdk.proxy2/jdk.proxy2.$Proxy13.getScreenshotAs(Unknown Source)
at org.openqa.selenium.support.events.EventFiringWebDriver.getScreenshotAs(EventFiringWebDriver.java:302)
at com.qa.utilities.readDataExcel.takeScreenshotAtEndOfTest(readDataExcel.java:51)
at com.qa.utilities.WebEventListener.onException(WebEventListener.java:60)
at jdk.internal.reflect.GeneratedMethodAccessor7.invoke(Unknown Source)
at java.base/jdk.internal.reflect.DelegatingMethodAccessorImpl.invoke(DelegatingMethodAccessorImpl.java:43)
at java.base/java.lang.reflect.Method.invoke(Method.java:568)
at org.openqa.selenium.support.events.EventFiringWebDriver.lambda$new$0(EventFiringWebDriver.java:84)
at jdk.proxy2/jdk.proxy2.$Proxy12.onException(Unknown Source)
at org.openqa.selenium.support.events.EventFiringWebDriver.lambda$new$1(EventFiringWebDriver.java:107)
at jdk.proxy2/jdk.proxy2.$Proxy13.getScreenshotAs(Unknown Source)
at org.openqa.selenium.support.events.EventFiringWebDriver.getScreenshotAs(EventFiringWebDriver.java:302)
at com.qa.utilities.readDataExcel.takeScreenshotAtEndOfTest(readDataExcel.java:51)
at com.qa.utilities.WebEventListener.onException(WebEventListener.java:60)
at jdk.internal.reflect.GeneratedMethodAccessor7.invoke(Unknown Source)
at java.base/jdk.internal.reflect.DelegatingMethodAccessorImpl.invoke(DelegatingMethodAccessorImpl.java:43)
at java.base/java.lang.reflect.Method.invoke(Method.java:568)
at org.openqa.selenium.support.events.EventFiringWebDriver.lambda$new$0(EventFiringWebDriver.java:84)
at jdk.proxy2/jdk.proxy2.$Proxy12.onException(Unknown Source)
at org.openqa.selenium.support.events.EventFiringWebDriver.lambda$new$1(EventFiringWebDriver.java:107)
at jdk.proxy2/jdk.proxy2.$Proxy13.getScreenshotAs(Unknown Source)
at org.openqa.selenium.support.events.EventFiringWebDriver.getScreenshotAs(EventFiringWebDriver.java:302)
at com.qa.utilities.readDataExcel.takeScreenshotAtEndOfTest(readDataExcel.java:51)
at com.qa.utilities.WebEventListener.onException(WebEventListener.java:60)
at jdk.internal.reflect.GeneratedMethodAccessor7.invoke(Unknown Source)
at java.base/jdk.internal.reflect.DelegatingMethodAccessorImpl.invoke(DelegatingMethodAccessorImpl.java:43)
at java.base/java.lang.reflect.Method.invoke(Method.java:568)
at org.openqa.selenium.support.events.EventFiringWebDriver.lambda$new$0(EventFiringWebDriver.java:84)
at jdk.proxy2/jdk.proxy2.$Proxy12.onException(Unknown Source)
at org.openqa.selenium.support.events.EventFiringWebDriver.lambda$new$1(EventFiringWebDriver.java:107)
at jdk.proxy2/jdk.proxy2.$Proxy13.getScreenshotAs(Unknown Source)
at org.openqa.selenium.support.events.EventFiringWebDriver.getScreenshotAs(EventFiringWebDriver.java:302)
at com.qa.utilities.readDataExcel.takeScreenshotAtEndOfTest(readDataExcel.java:51)
at com.qa.utilities.WebEventListener.onException(WebEventListener.java:60)
at jdk.internal.reflect.GeneratedMethodAccessor7.invoke(Unknown Source)
at java.base/jdk.internal.reflect.DelegatingMethodAccessorImpl.invoke(DelegatingMethodAccessorImpl.java:43)
at java.base/java.lang.reflect.Method.invoke(Method.java:568)
at org.openqa.selenium.support.events.EventFiringWebDriver.lambda$new$0(EventFiringWebDriver.java:84)
at jdk.proxy2/jdk.proxy2.$Proxy12.onException(Unknown Source)
at org.openqa.selenium.support.events.EventFiringWebDriver.lambda$new$1(EventFiringWebDriver.java:107)
at jdk.proxy2/jdk.proxy2.$Proxy13.getScreenshotAs(Unknown Source)
at org.openqa.selenium.support.events.EventFiringWebDriver.getScreenshotAs(EventFiringWebDriver.java:302)
at com.qa.utilities.readDataExcel.takeScreenshotAtEndOfTest(readDataExcel.java:51)
at com.qa.utilities.WebEventListener.onException(WebEventListener.java:60)
at jdk.internal.reflect.GeneratedMethodAccessor7.invoke(Unknown Source)
at java.base/jdk.internal.reflect.DelegatingMethodAccessorImpl.invoke(DelegatingMethodAccessorImpl.java:43)
at java.base/java.lang.reflect.Method.invoke(Method.java:568)
at org.openqa.selenium.support.events.EventFiringWebDriver.lambda$new$0(EventFiringWebDriver.java:84)
at jdk.proxy2/jdk.proxy2.$Proxy12.onException(Unknown Source)
at org.openqa.selenium.support.events.EventFiringWebDriver.lambda$new$1(EventFiringWebDriver.java:107)
at jdk.proxy2/jdk.proxy2.$Proxy13.getScreenshotAs(Unknown Source)
at org.openqa.selenium.support.events.EventFiringWebDriver.getScreenshotAs(EventFiringWebDriver.java:302)
at com.qa.utilities.readDataExcel.takeScreenshotAtEndOfTest(readDataExcel.java:51)
at com.qa.utilities.WebEventListener.onException(WebEventListener.java:60)
at jdk.internal.reflect.GeneratedMethodAccessor7.invoke(Unknown Source)
at java.base/jdk.internal.reflect.DelegatingMethodAccessorImpl.invoke(DelegatingMethodAccessorImpl.java:43)
at java.base/java.lang.reflect.Method.invoke(Method.java:568)
at org.openqa.selenium.support.events.EventFiringWebDriver.lambda$new$0(EventFiringWebDriver.java:84)
at jdk.proxy2/jdk.proxy2.$Proxy12.onException(Unknown Source)
at org.openqa.selenium.support.events.EventFiringWebDriver.lambda$new$1(EventFiringWebDriver.java:107)
at jdk.proxy2/jdk.proxy2.$Proxy13.getScreenshotAs(Unknown Source)
at org.openqa.selenium.support.events.EventFiringWebDriver.getScreenshotAs(EventFiringWebDriver.java:302)
at com.qa.utilities.readDataExcel.takeScreenshotAtEndOfTest(readDataExcel.java:51)
at com.qa.utilities.WebEventListener.onException(WebEventListener.java:60)
at jdk.internal.reflect.GeneratedMethodAccessor7.invoke(Unknown Source)
at java.base/jdk.internal.reflect.DelegatingMethodAccessorImpl.invoke(DelegatingMethodAccessorImpl.java:43)
at java.base/java.lang.reflect.Method.invoke(Method.java:568)
at org.openqa.selenium.support.events.EventFiringWebDriver.lambda$new$0(EventFiringWebDriver.java:84)
at jdk.proxy2/jdk.proxy2.$Proxy12.onException(Unknown Source)
at org.openqa.selenium.support.events.EventFiringWebDriver.lambda$new$1(EventFiringWebDriver.java:107)
at jdk.proxy2/jdk.proxy2.$Proxy13.getScreenshotAs(Unknown Source)
at org.openqa.selenium.support.events.EventFiringWebDriver.getScreenshotAs(EventFiringWebDriver.java:302)
at com.qa.utilities.readDataExcel.takeScreenshotAtEndOfTest(readDataExcel.java:51)
at com.qa.utilities.WebEventListener.onException(WebEventListener.java:60)
at jdk.internal.reflect.GeneratedMethodAccessor7.invoke(Unknown Source)
at java.base/jdk.internal.reflect.DelegatingMethodAccessorImpl.invoke(DelegatingMethodAccessorImpl.java:43)
at java.base/java.lang.reflect.Method.invoke(Method.java:568)
at org.openqa.selenium.support.events.EventFiringWebDriver.lambda$new$0(EventFiringWebDriver.java:84)
at jdk.proxy2/jdk.proxy2.$Proxy12.onException(Unknown Source)
at org.openqa.selenium.support.events.EventFiringWebDriver.lambda$new$1(EventFiringWebDriver.java:107)
at jdk.proxy2/jdk.proxy2.$Proxy13.getScreenshotAs(Unknown Source)
at org.openqa.selenium.support.events.EventFiringWebDriver.getScreenshotAs(EventFiringWebDriver.java:302)
at com.qa.utilities.readDataExcel.takeScreenshotAtEndOfTest(readDataExcel.java:51)
at com.qa.utilities.WebEventListener.onException(WebEventListener.java:60)
at jdk.internal.reflect.GeneratedMethodAccessor7.invoke(Unknown Source)
at java.base/jdk.internal.reflect.DelegatingMethodAccessorImpl.invoke(DelegatingMethodAccessorImpl.java:43)
at java.base/java.lang.reflect.Method.invoke(Method.java:568)
at org.openqa.selenium.support.events.EventFiringWebDriver.lambda$new$0(EventFiringWebDriver.java:84)
at jdk.proxy2/jdk.proxy2.$Proxy12.onException(Unknown Source)
at org.openqa.selenium.support.events.EventFiringWebDriver.lambda$new$1(EventFiringWebDriver.java:107)
at jdk.proxy2/jdk.proxy2.$Proxy13.getScreenshotAs(Unknown Source)
at org.openqa.selenium.support.events.EventFiringWebDriver.getScreenshotAs(EventFiringWebDriver.java:302)
at com.qa.utilities.readDataExcel.takeScreenshotAtEndOfTest(readDataExcel.java:51)
at com.qa.utilities.WebEventListener.onException(WebEventListener.java:60)
at jdk.internal.reflect.GeneratedMethodAccessor7.invoke(Unknown Source)
at java.base/jdk.internal.reflect.DelegatingMethodAccessorImpl.invoke(DelegatingMethodAccessorImpl.java:43)
at java.base/java.lang.reflect.Method.invoke(Method.java:568)
at org.openqa.selenium.support.events.EventFiringWebDriver.lambda$new$0(EventFiringWebDriver.java:84)
at jdk.proxy2/jdk.proxy2.$Proxy12.onException(Unknown Source)
at org.openqa.selenium.support.events.EventFiringWebDriver.lambda$new$1(EventFiringWebDriver.java:107)
at jdk.proxy2/jdk.proxy2.$Proxy13.getScreenshotAs(Unknown Source)
at org.openqa.selenium.support.events.EventFiringWebDriver.getScreenshotAs(EventFiringWebDriver.java:302)
at com.qa.utilities.readDataExcel.takeScreenshotAtEndOfTest(readDataExcel.java:51)
at com.qa.utilities.WebEventListener.onException(WebEventListener.java:60)
at jdk.internal.reflect.GeneratedMethodAccessor7.invoke(Unknown Source)
at java.base/jdk.internal.reflect.DelegatingMethodAccessorImpl.invoke(DelegatingMethodAccessorImpl.java:43)
at java.base/java.lang.reflect.Method.invoke(Method.java:568)
at org.openqa.selenium.support.events.EventFiringWebDriver.lambda$new$0(EventFiringWebDriver.java:84)
at jdk.proxy2/jdk.proxy2.$Proxy12.onException(Unknown Source)
at org.openqa.selenium.support.events.EventFiringWebDriver.lambda$new$1(EventFiringWebDriver.java:107)
at jdk.proxy2/jdk.proxy2.$Proxy13.getScreenshotAs(Unknown Source)
at org.openqa.selenium.support.events.EventFiringWebDriver.getScreenshotAs(EventFiringWebDriver.java:302)
at com.qa.utilities.readDataExcel.takeScreenshotAtEndOfTest(readDataExcel.java:51)
at com.qa.utilities.WebEventListener.onException(WebEventListener.java:60)
at jdk.internal.reflect.GeneratedMethodAccessor7.invoke(Unknown Source)
at java.base/jdk.internal.reflect.DelegatingMethodAccessorImpl.invoke(DelegatingMethodAccessorImpl.java:43)
at java.base/java.lang.reflect.Method.invoke(Method.java:568)
at org.openqa.selenium.support.events.EventFiringWebDriver.lambda$new$0(EventFiringWebDriver.java:84)
at jdk.proxy2/jdk.proxy2.$Proxy12.onException(Unknown Source)
at org.openqa.selenium.support.events.EventFiringWebDriver.lambda$new$1(EventFiringWebDriver.java:107)
at jdk.proxy2/jdk.proxy2.$Proxy13.getScreenshotAs(Unknown Source)
at org.openqa.selenium.support.events.EventFiringWebDriver.getScreenshotAs(EventFiringWebDriver.java:302)
at com.qa.utilities.readDataExcel.takeScreenshotAtEndOfTest(readDataExcel.java:51)
at com.qa.utilities.WebEventListener.onException(WebEventListener.java:60)
at jdk.internal.reflect.GeneratedMethodAccessor7.invoke(Unknown Source)
at java.base/jdk.internal.reflect.DelegatingMethodAccessorImpl.invoke(DelegatingMethodAccessorImpl.java:43)
at java.base/java.lang.reflect.Method.invoke(Method.java:568)
at org.openqa.selenium.support.events.EventFiringWebDriver.lambda$new$0(EventFiringWebDriver.java:84)
at jdk.proxy2/jdk.proxy2.$Proxy12.onException(Unknown Source)
at org.openqa.selenium.support.events.EventFiringWebDriver.lambda$new$1(EventFiringWebDriver.java:107)
at jdk.proxy2/jdk.proxy2.$Proxy13.getScreenshotAs(Unknown Source)
at org.openqa.selenium.support.events.EventFiringWebDriver.getScreenshotAs(EventFiringWebDriver.java:302)
at com.qa.utilities.readDataExcel.takeScreenshotAtEndOfTest(readDataExcel.java:51)
at com.qa.utilities.WebEventListener.onException(WebEventListener.java:60)
at jdk.internal.reflect.GeneratedMethodAccessor7.invoke(Unknown Source)
at java.base/jdk.internal.reflect.DelegatingMethodAccessorImpl.invoke(DelegatingMethodAccessorImpl.java:43)
at java.base/java.lang.reflect.Method.invoke(Method.java:568)
at org.openqa.selenium.support.events.EventFiringWebDriver.lambda$new$0(EventFiringWebDriver.java:84)
at jdk.proxy2/jdk.proxy2.$Proxy12.onException(Unknown Source)
at org.openqa.selenium.support.events.EventFiringWebDriver.lambda$new$1(EventFiringWebDriver.java:107)
at jdk.proxy2/jdk.proxy2.$Proxy13.getScreenshotAs(Unknown Source)
at org.openqa.selenium.support.events.EventFiringWebDriver.getScreenshotAs(EventFiringWebDriver.java:302)
at com.qa.utilities.readDataExcel.takeScreenshotAtEndOfTest(readDataExcel.java:51)
at com.qa.utilities.WebEventListener.onException(WebEventListener.java:60)
at jdk.internal.reflect.GeneratedMethodAccessor7.invoke(Unknown Source)
at java.base/jdk.internal.reflect.DelegatingMethodAccessorImpl.invoke(DelegatingMethodAccessorImpl.java:43)
at java.base/java.lang.reflect.Method.invoke(Method.java:568)
at org.openqa.selenium.support.events.EventFiringWebDriver.lambda$new$0(EventFiringWebDriver.java:84)
at jdk.proxy2/jdk.proxy2.$Proxy12.onException(Unknown Source)
at org.openqa.selenium.support.events.EventFiringWebDriver.lambda$new$1(EventFiringWebDriver.java:107)
at jdk.proxy2/jdk.proxy2.$Proxy13.getScreenshotAs(Unknown Source)
at org.openqa.selenium.support.events.EventFiringWebDriver.getScreenshotAs(EventFiringWebDriver.java:302)
at com.qa.utilities.readDataExcel.takeScreenshotAtEndOfTest(readDataExcel.java:51)
at com.qa.utilities.WebEventListener.onException(WebEventListener.java:60)
at jdk.internal.reflect.GeneratedMethodAccessor7.invoke(Unknown Source)
at java.base/jdk.internal.reflect.DelegatingMethodAccessorImpl.invoke(DelegatingMethodAccessorImpl.java:43)
at java.base/java.lang.reflect.Method.invoke(Method.java:568)
at org.openqa.selenium.support.events.EventFiringWebDriver.lambda$new$0(EventFiringWebDriver.java:84)
at jdk.proxy2/jdk.proxy2.$Proxy12.onException(Unknown Source)
at org.openqa.selenium.support.events.EventFiringWebDriver.lambda$new$1(EventFiringWebDriver.java:107)
at jdk.proxy2/jdk.proxy2.$Proxy13.getScreenshotAs(Unknown Source)
at org.openqa.selenium.support.events.EventFiringWebDriver.getScreenshotAs(EventFiringWebDriver.java:302)
at com.qa.utilities.readDataExcel.takeScreenshotAtEndOfTest(readDataExcel.java:51)
at com.qa.utilities.WebEventListener.onException(WebEventListener.java:60)
at jdk.internal.reflect.GeneratedMethodAccessor7.invoke(Unknown Source)
at java.base/jdk.internal.reflect.DelegatingMethodAccessorImpl.invoke(DelegatingMethodAccessorImpl.java:43)
at java.base/java.lang.reflect.Method.invoke(Method.java:568)
at org.openqa.selenium.support.events.EventFiringWebDriver.lambda$new$0(EventFiringWebDriver.java:84)
at jdk.proxy2/jdk.proxy2.$Proxy12.onException(Unknown Source)
at org.openqa.selenium.support.events.EventFiringWebDriver.lambda$new$1(EventFiringWebDriver.java:107)
at jdk.proxy2/jdk.proxy2.$Proxy13.getScreenshotAs(Unknown Source)
at org.openqa.selenium.support.events.EventFiringWebDriver.getScreenshotAs(EventFiringWebDriver.java:302)
at com.qa.utilities.readDataExcel.takeScreenshotAtEndOfTest(readDataExcel.java:51)
at com.qa.utilities.WebEventListener.onException(WebEventListener.java:60)
at jdk.internal.reflect.GeneratedMethodAccessor7.invoke(Unknown Source)
at java.base/jdk.internal.reflect.DelegatingMethodAccessorImpl.invoke(DelegatingMethodAccessorImpl.java:43)
at java.base/java.lang.reflect.Method.invoke(Method.java:568)
at org.openqa.selenium.support.events.EventFiringWebDriver.lambda$new$0(EventFiringWebDriver.java:84)
at jdk.proxy2/jdk.proxy2.$Proxy12.onException(Unknown Source)
at org.openqa.selenium.support.events.EventFiringWebDriver.lambda$new$1(EventFiringWebDriver.java:107)
at jdk.proxy2/jdk.proxy2.$Proxy13.getScreenshotAs(Unknown Source)
at org.openqa.selenium.support.events.EventFiringWebDriver.getScreenshotAs(EventFiringWebDriver.java:302)
at com.qa.utilities.readDataExcel.takeScreenshotAtEndOfTest(readDataExcel.java:51)
at com.qa.utilities.WebEventListener.onException(WebEventListener.java:60)
at jdk.internal.reflect.GeneratedMethodAccessor7.invoke(Unknown Source)
at java.base/jdk.internal.reflect.DelegatingMethodAccessorImpl.invoke(DelegatingMethodAccessorImpl.java:43)
at java.base/java.lang.reflect.Method.invoke(Method.java:568)
at org.openqa.selenium.support.events.EventFiringWebDriver.lambda$new$0(EventFiringWebDriver.java:84)
at jdk.proxy2/jdk.proxy2.$Proxy12.onException(Unknown Source)
at org.openqa.selenium.support.events.EventFiringWebDriver.lambda$new$1(EventFiringWebDriver.java:107)
at jdk.proxy2/jdk.proxy2.$Proxy13.getScreenshotAs(Unknown Source)
at org.openqa.selenium.support.events.EventFiringWebDriver.getScreenshotAs(EventFiringWebDriver.java:302)
at com.qa.utilities.readDataExcel.takeScreenshotAtEndOfTest(readDataExcel.java:51)
at com.qa.utilities.WebEventListener.onException(WebEventListener.java:60)
at jdk.internal.reflect.GeneratedMethodAccessor7.invoke(Unknown Source)
at java.base/jdk.internal.reflect.DelegatingMethodAccessorImpl.invoke(DelegatingMethodAccessorImpl.java:43)
at java.base/java.lang.reflect.Method.invoke(Method.java:568)
at org.openqa.selenium.support.events.EventFiringWebDriver.lambda$new$0(EventFiringWebDriver.java:84)
at jdk.proxy2/jdk.proxy2.$Proxy12.onException(Unknown Source)
at org.openqa.selenium.support.events.EventFiringWebDriver.lambda$new$1(EventFiringWebDriver.java:107)
at jdk.proxy2/jdk.proxy2.$Proxy13.getScreenshotAs(Unknown Source)
at org.openqa.selenium.support.events.EventFiringWebDriver.getScreenshotAs(EventFiringWebDriver.java:302)
at com.qa.utilities.readDataExcel.takeScreenshotAtEndOfTest(readDataExcel.java:51)
at com.qa.utilities.WebEventListener.onException(WebEventListener.java:60)
at jdk.internal.reflect.GeneratedMethodAccessor7.invoke(Unknown Source)
at java.base/jdk.internal.reflect.DelegatingMethodAccessorImpl.invoke(DelegatingMethodAccessorImpl.java:43)
at java.base/java.lang.reflect.Method.invoke(Method.java:568)
at org.openqa.selenium.support.events.EventFiringWebDriver.lambda$new$0(EventFiringWebDriver.java:84)
at jdk.proxy2/jdk.proxy2.$Proxy12.onException(Unknown Source)
at org.openqa.selenium.support.events.EventFiringWebDriver.lambda$new$1(EventFiringWebDriver.java:107)
at jdk.proxy2/jdk.proxy2.$Proxy13.getScreenshotAs(Unknown Source)
at org.openqa.selenium.support.events.EventFiringWebDriver.getScreenshotAs(EventFiringWebDriver.java:302)
at com.qa.utilities.readDataExcel.takeScreenshotAtEndOfTest(readDataExcel.java:51)
at com.qa.utilities.WebEventListener.onException(WebEventListener.java:60)
at jdk.internal.reflect.GeneratedMethodAccessor7.invoke(Unknown Source)
at java.base/jdk.internal.reflect.DelegatingMethodAccessorImpl.invoke(DelegatingMethodAccessorImpl.java:43)
at java.base/java.lang.reflect.Method.invoke(Method.java:568)
at org.openqa.selenium.support.events.EventFiringWebDriver.lambda$new$0(EventFiringWebDriver.java:84)
at jdk.proxy2/jdk.proxy2.$Proxy12.onException(Unknown Source)
at org.openqa.selenium.support.events.EventFiringWebDriver.lambda$new$1(EventFiringWebDriver.java:107)
at jdk.proxy2/jdk.proxy2.$Proxy13.getScreenshotAs(Unknown Source)
at org.openqa.selenium.support.events.EventFiringWebDriver.getScreenshotAs(EventFiringWebDriver.java:302)
at com.qa.utilities.readDataExcel.takeScreenshotAtEndOfTest(readDataExcel.java:51)
at com.qa.utilities.WebEventListener.onException(WebEventListener.java:60)
at jdk.internal.reflect.GeneratedMethodAccessor7.invoke(Unknown Source)
at java.base/jdk.internal.reflect.DelegatingMethodAccessorImpl.invoke(DelegatingMethodAccessorImpl.java:43)
at java.base/java.lang.reflect.Method.invoke(Method.java:568)
at org.openqa.selenium.support.events.EventFiringWebDriver.lambda$new$0(EventFiringWebDriver.java:84)
at jdk.proxy2/jdk.proxy2.$Proxy12.onException(Unknown Source)
at org.openqa.selenium.support.events.EventFiringWebDriver.lambda$new$1(EventFiringWebDriver.java:107)
at jdk.proxy2/jdk.proxy2.$Proxy13.getScreenshotAs(Unknown Source)
at org.openqa.selenium.support.events.EventFiringWebDriver.getScreenshotAs(EventFiringWebDriver.java:302)
at com.qa.utilities.readDataExcel.takeScreenshotAtEndOfTest(readDataExcel.java:51)
at com.qa.utilities.WebEventListener.onException(WebEventListener.java:60)
at jdk.internal.reflect.GeneratedMethodAccessor7.invoke(Unknown Source)
at java.base/jdk.internal.reflect.DelegatingMethodAccessorImpl.invoke(DelegatingMethodAccessorImpl.java:43)
at java.base/java.lang.reflect.Method.invoke(Method.java:568)
at org.openqa.selenium.support.events.EventFiringWebDriver.lambda$new$0(EventFiringWebDriver.java:84)
at jdk.proxy2/jdk.proxy2.$Proxy12.onException(Unknown Source)
at org.openqa.selenium.support.events.EventFiringWebDriver.lambda$new$1(EventFiringWebDriver.java:107)
at jdk.proxy2/jdk.proxy2.$Proxy13.getScreenshotAs(Unknown Source)
at org.openqa.selenium.support.events.EventFiringWebDriver.getScreenshotAs(EventFiringWebDriver.java:302)
at com.qa.utilities.readDataExcel.takeScreenshotAtEndOfTest(readDataExcel.java:51)
at com.qa.utilities.WebEventListener.onException(WebEventListener.java:60)
at jdk.internal.reflect.GeneratedMethodAccessor7.invoke(Unknown Source)
at java.base/jdk.internal.reflect.DelegatingMethodAccessorImpl.invoke(DelegatingMethodAccessorImpl.java:43)
at java.base/java.lang.reflect.Method.invoke(Method.java:568)
at org.openqa.selenium.support.events.EventFiringWebDriver.lambda$new$0(EventFiringWebDriver.java:84)
at jdk.proxy2/jdk.proxy2.$Proxy12.onException(Unknown Source)
at org.openqa.selenium.support.events.EventFiringWebDriver.lambda$new$1(EventFiringWebDriver.java:107)
at jdk.proxy2/jdk.proxy2.$Proxy13.getScreenshotAs(Unknown Source)
at org.openqa.selenium.support.events.EventFiringWebDriver.getScreenshotAs(EventFiringWebDriver.java:302)
at com.qa.utilities.readDataExcel.takeScreenshotAtEndOfTest(readDataExcel.java:51)
at com.qa.utilities.WebEventListener.onException(WebEventListener.java:60)
at jdk.internal.reflect.GeneratedMethodAccessor7.invoke(Unknown Source)
at java.base/jdk.internal.reflect.DelegatingMethodAccessorImpl.invoke(DelegatingMethodAccessorImpl.java:43)
at java.base/java.lang.reflect.Method.invoke(Method.java:568)
at org.openqa.selenium.support.events.EventFiringWebDriver.lambda$new$0(EventFiringWebDriver.java:84)
at jdk.proxy2/jdk.proxy2.$Proxy12.onException(Unknown Source)
at org.openqa.selenium.support.events.EventFiringWebDriver.lambda$new$1(EventFiringWebDriver.java:107)
at jdk.proxy2/jdk.proxy2.$Proxy13.getScreenshotAs(Unknown Source)
at org.openqa.selenium.support.events.EventFiringWebDriver.getScreenshotAs(EventFiringWebDriver.java:302)
at com.qa.utilities.readDataExcel.takeScreenshotAtEndOfTest(readDataExcel.java:51)
at com.qa.utilities.WebEventListener.onException(WebEventListener.java:60)
at jdk.internal.reflect.GeneratedMethodAccessor7.invoke(Unknown Source)
at java.base/jdk.internal.reflect.DelegatingMethodAccessorImpl.invoke(DelegatingMethodAccessorImpl.java:43)
at java.base/java.lang.reflect.Method.invoke(Method.java:568)
at org.openqa.selenium.support.events.EventFiringWebDriver.lambda$new$0(EventFiringWebDriver.java:84)
at jdk.proxy2/jdk.proxy2.$Proxy12.onException(Unknown Source)
at org.openqa.selenium.support.events.EventFiringWebDriver.lambda$new$1(EventFiringWebDriver.java:107)
at jdk.proxy2/jdk.proxy2.$Proxy13.getScreenshotAs(Unknown Source)
at org.openqa.selenium.support.events.EventFiringWebDriver.getScreenshotAs(EventFiringWebDriver.java:302)
at com.qa.utilities.readDataExcel.takeScreenshotAtEndOfTest(readDataExcel.java:51)
at com.qa.utilities.WebEventListener.onException(WebEventListener.java:60)
at jdk.internal.reflect.GeneratedMethodAccessor7.invoke(Unknown Source)
at java.base/jdk.internal.reflect.DelegatingMethodAccessorImpl.invoke(DelegatingMethodAccessorImpl.java:43)
at java.base/java.lang.reflect.Method.invoke(Method.java:568)
at org.openqa.selenium.support.events.EventFiringWebDriver.lambda$new$0(EventFiringWebDriver.java:84)
at jdk.proxy2/jdk.proxy2.$Proxy12.onException(Unknown Source)
at org.openqa.selenium.support.events.EventFiringWebDriver.lambda$new$1(EventFiringWebDriver.java:107)
at jdk.proxy2/jdk.proxy2.$Proxy13.getScreenshotAs(Unknown Source)
at org.openqa.selenium.support.events.EventFiringWebDriver.getScreenshotAs(EventFiringWebDriver.java:302)
at com.qa.utilities.readDataExcel.takeScreenshotAtEndOfTest(readDataExcel.java:51)
at com.qa.utilities.WebEventListener.onException(WebEventListener.java:60)
at jdk.internal.reflect.GeneratedMethodAccessor7.invoke(Unknown Source)
at java.base/jdk.internal.reflect.DelegatingMethodAccessorImpl.invoke(DelegatingMethodAccessorImpl.java:43)
at java.base/java.lang.reflect.Method.invoke(Method.java:568)
at org.openqa.selenium.support.events.EventFiringWebDriver.lambda$new$0(EventFiringWebDriver.java:84)
at jdk.proxy2/jdk.proxy2.$Proxy12.onException(Unknown Source)
at org.openqa.selenium.support.events.EventFiringWebDriver.lambda$new$1(EventFiringWebDriver.java:107)
at jdk.proxy2/jdk.proxy2.$Proxy13.getScreenshotAs(Unknown Source)
at org.openqa.selenium.support.events.EventFiringWebDriver.getScreenshotAs(EventFiringWebDriver.java:302)
at com.qa.utilities.readDataExcel.takeScreenshotAtEndOfTest(readDataExcel.java:51)
at com.qa.utilities.WebEventListener.onException(WebEventListener.java:60)
at jdk.internal.reflect.GeneratedMethodAccessor7.invoke(Unknown Source)
at java.base/jdk.internal.reflect.DelegatingMethodAccessorImpl.invoke(DelegatingMethodAccessorImpl.java:43)
at java.base/java.lang.reflect.Method.invoke(Method.java:568)
at org.openqa.selenium.support.events.EventFiringWebDriver.lambda$new$0(EventFiringWebDriver.java:84)
at jdk.proxy2/jdk.proxy2.$Proxy12.onException(Unknown Source)
at org.openqa.selenium.support.events.EventFiringWebDriver.lambda$new$1(EventFiringWebDriver.java:107)
at jdk.proxy2/jdk.proxy2.$Proxy13.getScreenshotAs(Unknown Source)
at org.openqa.selenium.support.events.EventFiringWebDriver.getScreenshotAs(EventFiringWebDriver.java:302)
at com.qa.utilities.readDataExcel.takeScreenshotAtEndOfTest(readDataExcel.java:51)
at com.qa.utilities.WebEventListener.onException(WebEventListener.java:60)
at jdk.internal.reflect.GeneratedMethodAccessor7.invoke(Unknown Source)
at java.base/jdk.internal.reflect.DelegatingMethodAccessorImpl.invoke(DelegatingMethodAccessorImpl.java:43)
at java.base/java.lang.reflect.Method.invoke(Method.java:568)
at org.openqa.selenium.support.events.EventFiringWebDriver.lambda$new$0(EventFiringWebDriver.java:84)
at jdk.proxy2/jdk.proxy2.$Proxy12.onException(Unknown Source)
at org.openqa.selenium.support.events.EventFiringWebDriver.lambda$new$1(EventFiringWebDriver.java:107)
at jdk.proxy2/jdk.proxy2.$Proxy13.getScreenshotAs(Unknown Source)
at org.openqa.selenium.support.events.EventFiringWebDriver.getScreenshotAs(EventFiringWebDriver.java:302)
at com.qa.utilities.readDataExcel.takeScreenshotAtEndOfTest(readDataExcel.java:51)
at com.qa.utilities.WebEventListener.onException(WebEventListener.java:60)
at jdk.internal.reflect.GeneratedMethodAccessor7.invoke(Unknown Source)
at java.base/jdk.internal.reflect.DelegatingMethodAccessorImpl.invoke(DelegatingMethodAccessorImpl.java:43)
at java.base/java.lang.reflect.Method.invoke(Method.java:568)
at org.openqa.selenium.support.events.EventFiringWebDriver.lambda$new$0(EventFiringWebDriver.java:84)
at jdk.proxy2/jdk.proxy2.$Proxy12.onException(Unknown Source)
at org.openqa.selenium.support.events.EventFiringWebDriver.lambda$new$1(EventFiringWebDriver.java:107)
at jdk.proxy2/jdk.proxy2.$Proxy13.getScreenshotAs(Unknown Source)
at org.openqa.selenium.support.events.EventFiringWebDriver.getScreenshotAs(EventFiringWebDriver.java:302)
at com.qa.utilities.readDataExcel.takeScreenshotAtEndOfTest(readDataExcel.java:51)
at com.qa.utilities.WebEventListener.onException(WebEventListener.java:60)
at jdk.internal.reflect.GeneratedMethodAccessor7.invoke(Unknown Source)
at java.base/jdk.internal.reflect.DelegatingMethodAccessorImpl.invoke(DelegatingMethodAccessorImpl.java:43)
at java.base/java.lang.reflect.Method.invoke(Method.java:568)
at org.openqa.selenium.support.events.EventFiringWebDriver.lambda$new$0(EventFiringWebDriver.java:84)
at jdk.proxy2/jdk.proxy2.$Proxy12.onException(Unknown Source)
at org.openqa.selenium.support.events.EventFiringWebDriver.lambda$new$1(EventFiringWebDriver.java:107)
at jdk.proxy2/jdk.proxy2.$Proxy13.getScreenshotAs(Unknown Source)
at org.openqa.selenium.support.events.EventFiringWebDriver.getScreenshotAs(EventFiringWebDriver.java:302)
at com.qa.utilities.readDataExcel.takeScreenshotAtEndOfTest(readDataExcel.java:51)
at com.qa.utilities.WebEventListener.onException(WebEventListener.java:60)
at jdk.internal.reflect.GeneratedMethodAccessor7.invoke(Unknown Source)
at java.base/jdk.internal.reflect.DelegatingMethodAccessorImpl.invoke(DelegatingMethodAccessorImpl.java:43)
at java.base/java.lang.reflect.Method.invoke(Method.java:568)
at org.openqa.selenium.support.events.EventFiringWebDriver.lambda$new$0(EventFiringWebDriver.java:84)
at jdk.proxy2/jdk.proxy2.$Proxy12.onException(Unknown Source)
at org.openqa.selenium.support.events.EventFiringWebDriver.lambda$new$1(EventFiringWebDriver.java:107)
at jdk.proxy2/jdk.proxy2.$Proxy13.getScreenshotAs(Unknown Source)
at org.openqa.selenium.support.events.EventFiringWebDriver.getScreenshotAs(EventFiringWebDriver.java:302)
at com.qa.utilities.readDataExcel.takeScreenshotAtEndOfTest(readDataExcel.java:51)
at com.qa.utilities.WebEventListener.onException(WebEventListener.java:60)
at jdk.internal.reflect.GeneratedMethodAccessor7.invoke(Unknown Source)
at java.base/jdk.internal.reflect.DelegatingMethodAccessorImpl.invoke(DelegatingMethodAccessorImpl.java:43)
at java.base/java.lang.reflect.Method.invoke(Method.java:568)
at org.openqa.selenium.support.events.EventFiringWebDriver.lambda$new$0(EventFiringWebDriver.java:84)
at jdk.proxy2/jdk.proxy2.$Proxy12.onException(Unknown Source)
at org.openqa.selenium.support.events.EventFiringWebDriver.lambda$new$1(EventFiringWebDriver.java:107)
at jdk.proxy2/jdk.proxy2.$Proxy13.getScreenshotAs(Unknown Source)
at org.openqa.selenium.support.events.EventFiringWebDriver.getScreenshotAs(EventFiringWebDriver.java:302)
at com.qa.utilities.readDataExcel.takeScreenshotAtEndOfTest(readDataExcel.java:51)
at com.qa.utilities.WebEventListener.onException(WebEventListener.java:60)
at jdk.internal.reflect.GeneratedMethodAccessor7.invoke(Unknown Source)
at java.base/jdk.internal.reflect.DelegatingMethodAccessorImpl.invoke(DelegatingMethodAccessorImpl.java:43)
at java.base/java.lang.reflect.Method.invoke(Method.java:568)
at org.openqa.selenium.support.events.EventFiringWebDriver.lambda$new$0(EventFiringWebDriver.java:84)
at jdk.proxy2/jdk.proxy2.$Proxy12.onException(Unknown Source)
at org.openqa.selenium.support.events.EventFiringWebDriver.lambda$new$1(EventFiringWebDriver.java:107)
at jdk.proxy2/jdk.proxy2.$Proxy13.getScreenshotAs(Unknown Source)
at org.openqa.selenium.support.events.EventFiringWebDriver.getScreenshotAs(EventFiringWebDriver.java:302)
at com.qa.utilities.readDataExcel.takeScreenshotAtEndOfTest(readDataExcel.java:51)
at com.qa.utilities.WebEventListener.onException(WebEventListener.java:60)
at jdk.internal.reflect.GeneratedMethodAccessor7.invoke(Unknown Source)
at java.base/jdk.internal.reflect.DelegatingMethodAccessorImpl.invoke(DelegatingMethodAccessorImpl.java:43)
at java.base/java.lang.reflect.Method.invoke(Method.java:568)
at org.openqa.selenium.support.events.EventFiringWebDriver.lambda$new$0(EventFiringWebDriver.java:84)
at jdk.proxy2/jdk.proxy2.$Proxy12.onException(Unknown Source)
at org.openqa.selenium.support.events.EventFiringWebDriver.lambda$new$1(EventFiringWebDriver.java:107)
at jdk.proxy2/jdk.proxy2.$Proxy13.getScreenshotAs(Unknown Source)
at org.openqa.selenium.support.events.EventFiringWebDriver.getScreenshotAs(EventFiringWebDriver.java:302)
at com.qa.utilities.readDataExcel.takeScreenshotAtEndOfTest(readDataExcel.java:51)
at com.qa.utilities.WebEventListener.onException(WebEventListener.java:60)
at jdk.internal.reflect.GeneratedMethodAccessor7.invoke(Unknown Source)
at java.base/jdk.internal.reflect.DelegatingMethodAccessorImpl.invoke(DelegatingMethodAccessorImpl.java:43)
at java.base/java.lang.reflect.Method.invoke(Method.java:568)
at org.openqa.selenium.support.events.EventFiringWebDriver.lambda$new$0(EventFiringWebDriver.java:84)
at jdk.proxy2/jdk.proxy2.$Proxy12.onException(Unknown Source)
at org.openqa.selenium.support.events.EventFiringWebDriver.lambda$new$1(EventFiringWebDriver.java:107)
at jdk.proxy2/jdk.proxy2.$Proxy13.getScreenshotAs(Unknown Source)
at org.openqa.selenium.support.events.EventFiringWebDriver.getScreenshotAs(EventFiringWebDriver.java:302)
at com.qa.utilities.readDataExcel.takeScreenshotAtEndOfTest(readDataExcel.java:51)
at com.qa.utilities.WebEventListener.onException(WebEventListener.java:60)
at jdk.internal.reflect.GeneratedMethodAccessor7.invoke(Unknown Source)
at java.base/jdk.internal.reflect.DelegatingMethodAccessorImpl.invoke(DelegatingMethodAccessorImpl.java:43)
at java.base/java.lang.reflect.Method.invoke(Method.java:568)
at org.openqa.selenium.support.events.EventFiringWebDriver.lambda$new$0(EventFiringWebDriver.java:84)
at jdk.proxy2/jdk.proxy2.$Proxy12.onException(Unknown Source)
at org.openqa.selenium.support.events.EventFiringWebDriver.lambda$new$1(EventFiringWebDriver.java:107)
at jdk.proxy2/jdk.proxy2.$Proxy13.getScreenshotAs(Unknown Source)
at org.openqa.selenium.support.events.EventFiringWebDriver.getScreenshotAs(EventFiringWebDriver.java:302)
at com.qa.utilities.readDataExcel.takeScreenshotAtEndOfTest(readDataExcel.java:51)
at com.qa.utilities.WebEventListener.onException(WebEventListener.java:60)
at jdk.internal.reflect.GeneratedMethodAccessor7.invoke(Unknown Source)
at java.base/jdk.internal.reflect.DelegatingMethodAccessorImpl.invoke(DelegatingMethodAccessorImpl.java:43)
at java.base/java.lang.reflect.Method.invoke(Method.java:568)
at org.openqa.selenium.support.events.EventFiringWebDriver.lambda$new$0(EventFiringWebDriver.java:84)
at jdk.proxy2/jdk.proxy2.$Proxy12.onException(Unknown Source)
at org.openqa.selenium.support.events.EventFiringWebDriver.lambda$new$1(EventFiringWebDriver.java:107)
at jdk.proxy2/jdk.proxy2.$Proxy13.getScreenshotAs(Unknown Source)
at org.openqa.selenium.support.events.EventFiringWebDriver.getScreenshotAs(EventFiringWebDriver.java:302)
at com.qa.utilities.readDataExcel.takeScreenshotAtEndOfTest(readDataExcel.java:51)
at com.qa.utilities.WebEventListener.onException(WebEventListener.java:60)
at jdk.internal.reflect.GeneratedMethodAccessor7.invoke(Unknown Source)
at java.base/jdk.internal.reflect.DelegatingMethodAccessorImpl.invoke(DelegatingMethodAccessorImpl.java:43)
at java.base/java.lang.reflect.Method.invoke(Method.java:568)
at org.openqa.selenium.support.events.EventFiringWebDriver.lambda$new$0(EventFiringWebDriver.java:84)
at jdk.proxy2/jdk.proxy2.$Proxy12.onException(Unknown Source)
at org.openqa.selenium.support.events.EventFiringWebDriver.lambda$new$1(EventFiringWebDriver.java:107)
at jdk.proxy2/jdk.proxy2.$Proxy13.getScreenshotAs(Unknown Source)
at org.openqa.selenium.support.events.EventFiringWebDriver.getScreenshotAs(EventFiringWebDriver.java:302)
at com.qa.utilities.readDataExcel.takeScreenshotAtEndOfTest(readDataExcel.java:51)
at com.qa.utilities.WebEventListener.onException(WebEventListener.java:60)
at jdk.internal.reflect.GeneratedMethodAccessor7.invoke(Unknown Source)
at java.base/jdk.internal.reflect.DelegatingMethodAccessorImpl.invoke(DelegatingMethodAccessorImpl.java:43)
at java.base/java.lang.reflect.Method.invoke(Method.java:568)
at org.openqa.selenium.support.events.EventFiringWebDriver.lambda$new$0(EventFiringWebDriver.java:84)
at jdk.proxy2/jdk.proxy2.$Proxy12.onException(Unknown Source)
at org.openqa.selenium.support.events.EventFiringWebDriver.lambda$new$1(EventFiringWebDriver.java:107)
at jdk.proxy2/jdk.proxy2.$Proxy13.getScreenshotAs(Unknown Source)
at org.openqa.selenium.support.events.EventFiringWebDriver.getScreenshotAs(EventFiringWebDriver.java:302)
at com.qa.utilities.readDataExcel.takeScreenshotAtEndOfTest(readDataExcel.java:51)
at com.qa.utilities.WebEventListener.onException(WebEventListener.java:60)
at jdk.internal.reflect.GeneratedMethodAccessor7.invoke(Unknown Source)
at java.base/jdk.internal.reflect.DelegatingMethodAccessorImpl.invoke(DelegatingMethodAccessorImpl.java:43)
at java.base/java.lang.reflect.Method.invoke(Method.java:568)
at org.openqa.selenium.support.events.EventFiringWebDriver.lambda$new$0(EventFiringWebDriver.java:84)
at jdk.proxy2/jdk.proxy2.$Proxy12.onException(Unknown Source)
at org.openqa.selenium.support.events.EventFiringWebDriver.lambda$new$1(EventFiringWebDriver.java:107)
at jdk.proxy2/jdk.proxy2.$Proxy13.getScreenshotAs(Unknown Source)
at org.openqa.selenium.support.events.EventFiringWebDriver.getScreenshotAs(EventFiringWebDriver.java:302)
at com.qa.utilities.readDataExcel.takeScreenshotAtEndOfTest(readDataExcel.java:51)
at com.qa.utilities.WebEventListener.onException(WebEventListener.java:60)
at jdk.internal.reflect.GeneratedMethodAccessor7.invoke(Unknown Source)
at java.base/jdk.internal.reflect.DelegatingMethodAccessorImpl.invoke(DelegatingMethodAccessorImpl.java:43)
at java.base/java.lang.reflect.Method.invoke(Method.java:568)
at org.openqa.selenium.support.events.EventFiringWebDriver.lambda$new$0(EventFiringWebDriver.java:84)
at jdk.proxy2/jdk.proxy2.$Proxy12.onException(Unknown Source)
at org.openqa.selenium.support.events.EventFiringWebDriver.lambda$new$1(EventFiringWebDriver.java:107)
at jdk.proxy2/jdk.proxy2.$Proxy13.getScreenshotAs(Unknown Source)
at org.openqa.selenium.support.events.EventFiringWebDriver.getScreenshotAs(EventFiringWebDriver.java:302)
at com.qa.utilities.readDataExcel.takeScreenshotAtEndOfTest(readDataExcel.java:51)
at com.qa.utilities.WebEventListener.onException(WebEventListener.java:60)
at jdk.internal.reflect.GeneratedMethodAccessor7.invoke(Unknown Source)
at java.base/jdk.internal.reflect.DelegatingMethodAccessorImpl.invoke(DelegatingMethodAccessorImpl.java:43)
at java.base/java.lang.reflect.Method.invoke(Method.java:568)
at org.openqa.selenium.support.events.EventFiringWebDriver.lambda$new$0(EventFiringWebDriver.java:84)
at jdk.proxy2/jdk.proxy2.$Proxy12.onException(Unknown Source)
at org.openqa.selenium.support.events.EventFiringWebDriver.lambda$new$1(EventFiringWebDriver.java:107)
at jdk.proxy2/jdk.proxy2.$Proxy13.getScreenshotAs(Unknown Source)
at org.openqa.selenium.support.events.EventFiringWebDriver.getScreenshotAs(EventFiringWebDriver.java:302)
at com.qa.utilities.readDataExcel.takeScreenshotAtEndOfTest(readDataExcel.java:51)
at com.qa.utilities.WebEventListener.onException(WebEventListener.java:60)
at jdk.internal.reflect.GeneratedMethodAccessor7.invoke(Unknown Source)
at java.base/jdk.internal.reflect.DelegatingMethodAccessorImpl.invoke(DelegatingMethodAccessorImpl.java:43)
at java.base/java.lang.reflect.Method.invoke(Method.java:568)
at org.openqa.selenium.support.events.EventFiringWebDriver.lambda$new$0(EventFiringWebDriver.java:84)
at jdk.proxy2/jdk.proxy2.$Proxy12.onException(Unknown Source)
at org.openqa.selenium.support.events.EventFiringWebDriver.lambda$new$1(EventFiringWebDriver.java:107)
at jdk.proxy2/jdk.proxy2.$Proxy13.getScreenshotAs(Unknown Source)
at org.openqa.selenium.support.events.EventFiringWebDriver.getScreenshotAs(EventFiringWebDriver.java:302)
at com.qa.utilities.readDataExcel.takeScreenshotAtEndOfTest(readDataExcel.java:51)
at com.qa.utilities.WebEventListener.onException(WebEventListener.java:60)
at jdk.internal.reflect.GeneratedMethodAccessor7.invoke(Unknown Source)
at java.base/jdk.internal.reflect.DelegatingMethodAccessorImpl.invoke(DelegatingMethodAccessorImpl.java:43)
at java.base/java.lang.reflect.Method.invoke(Method.java:568)
at org.openqa.selenium.support.events.EventFiringWebDriver.lambda$new$0(EventFiringWebDriver.java:84)
at jdk.proxy2/jdk.proxy2.$Proxy12.onException(Unknown Source)
at org.openqa.selenium.support.events.EventFiringWebDriver.lambda$new$1(EventFiringWebDriver.java:107)
at jdk.proxy2/jdk.proxy2.$Proxy13.getScreenshotAs(Unknown Source)
at org.openqa.selenium.support.events.EventFiringWebDriver.getScreenshotAs(EventFiringWebDriver.java:302)
at com.qa.utilities.readDataExcel.takeScreenshotAtEndOfTest(readDataExcel.java:51)
at com.qa.utilities.WebEventListener.onException(WebEventListener.java:60)
at jdk.internal.reflect.GeneratedMethodAccessor7.invoke(Unknown Source)
at java.base/jdk.internal.reflect.DelegatingMethodAccessorImpl.invoke(DelegatingMethodAccessorImpl.java:43)
at java.base/java.lang.reflect.Method.invoke(Method.java:568)
at org.openqa.selenium.support.events.EventFiringWebDriver.lambda$new$0(EventFiringWebDriver.java:84)
at jdk.proxy2/jdk.proxy2.$Proxy12.onException(Unknown Source)
at org.openqa.selenium.support.events.EventFiringWebDriver.lambda$new$1(EventFiringWebDriver.java:107)
at jdk.proxy2/jdk.proxy2.$Proxy13.getScreenshotAs(Unknown Source)
at org.openqa.selenium.support.events.EventFiringWebDriver.getScreenshotAs(EventFiringWebDriver.java:302)
at com.qa.utilities.readDataExcel.takeScreenshotAtEndOfTest(readDataExcel.java:51)
at com.qa.utilities.WebEventListener.onException(WebEventListener.java:60)
at jdk.internal.reflect.GeneratedMethodAccessor7.invoke(Unknown Source)
at java.base/jdk.internal.reflect.DelegatingMethodAccessorImpl.invoke(DelegatingMethodAccessorImpl.java:43)
at java.base/java.lang.reflect.Method.invoke(Method.java:568)
at org.openqa.selenium.support.events.EventFiringWebDriver.lambda$new$0(EventFiringWebDriver.java:84)
at jdk.proxy2/jdk.proxy2.$Proxy12.onException(Unknown Source)
at org.openqa.selenium.support.events.EventFiringWebDriver.lambda$new$1(EventFiringWebDriver.java:107)
at jdk.proxy2/jdk.proxy2.$Proxy13.getScreenshotAs(Unknown Source)
at org.openqa.selenium.support.events.EventFiringWebDriver.getScreenshotAs(EventFiringWebDriver.java:302)
at com.qa.utilities.readDataExcel.takeScreenshotAtEndOfTest(readDataExcel.java:51)
at com.qa.utilities.WebEventListener.onException(WebEventListener.java:60)
at jdk.internal.reflect.GeneratedMethodAccessor7.invoke(Unknown Source)
at java.base/jdk.internal.reflect.DelegatingMethodAccessorImpl.invoke(DelegatingMethodAccessorImpl.java:43)
at java.base/java.lang.reflect.Method.invoke(Method.java:568)
at org.openqa.selenium.support.events.EventFiringWebDriver.lambda$new$0(EventFiringWebDriver.java:84)
at jdk.proxy2/jdk.proxy2.$Proxy12.onException(Unknown Source)
at org.openqa.selenium.support.events.EventFiringWebDriver.lambda$new$1(EventFiringWebDriver.java:107)
at jdk.proxy2/jdk.proxy2.$Proxy13.getScreenshotAs(Unknown Source)
at org.openqa.selenium.support.events.EventFiringWebDriver.getScreenshotAs(EventFiringWebDriver.java:302)
at com.qa.utilities.readDataExcel.takeScreenshotAtEndOfTest(readDataExcel.java:51)
at com.qa.utilities.WebEventListener.onException(WebEventListener.java:60)
at jdk.internal.reflect.GeneratedMethodAccessor7.invoke(Unknown Source)
at java.base/jdk.internal.reflect.DelegatingMethodAccessorImpl.invoke(DelegatingMethodAccessorImpl.java:43)
at java.base/java.lang.reflect.Method.invoke(Method.java:568)
at org.openqa.selenium.support.events.EventFiringWebDriver.lambda$new$0(EventFiringWebDriver.java:84)
at jdk.proxy2/jdk.proxy2.$Proxy12.onException(Unknown Source)
at org.openqa.selenium.support.events.EventFiringWebDriver.lambda$new$1(EventFiringWebDriver.java:107)
at jdk.proxy2/jdk.proxy2.$Proxy13.getScreenshotAs(Unknown Source)
at org.openqa.selenium.support.events.EventFiringWebDriver.getScreenshotAs(EventFiringWebDriver.java:302)
at com.qa.utilities.readDataExcel.takeScreenshotAtEndOfTest(readDataExcel.java:51)
at com.qa.utilities.WebEventListener.onException(WebEventListener.java:60)
at jdk.internal.reflect.GeneratedMethodAccessor7.invoke(Unknown Source)
at java.base/jdk.internal.reflect.DelegatingMethodAccessorImpl.invoke(DelegatingMethodAccessorImpl.java:43)
at java.base/java.lang.reflect.Method.invoke(Method.java:568)
at org.openqa.selenium.support.events.EventFiringWebDriver.lambda$new$0(EventFiringWebDriver.java:84)
at jdk.proxy2/jdk.proxy2.$Proxy12.onException(Unknown Source)
at org.openqa.selenium.support.events.EventFiringWebDriver.lambda$new$1(EventFiringWebDriver.java:107)
at jdk.proxy2/jdk.proxy2.$Proxy13.getScreenshotAs(Unknown Source)
at org.openqa.selenium.support.events.EventFiringWebDriver.getScreenshotAs(EventFiringWebDriver.java:302)
at com.qa.utilities.readDataExcel.takeScreenshotAtEndOfTest(readDataExcel.java:51)
at com.qa.utilities.WebEventListener.onException(WebEventListener.java:60)
at jdk.internal.reflect.GeneratedMethodAccessor7.invoke(Unknown Source)
at java.base/jdk.internal.reflect.DelegatingMethodAccessorImpl.invoke(DelegatingMethodAccessorImpl.java:43)
at java.base/java.lang.reflect.Method.invoke(Method.java:568)
at org.openqa.selenium.support.events.EventFiringWebDriver.lambda$new$0(EventFiringWebDriver.java:84)
at jdk.proxy2/jdk.proxy2.$Proxy12.onException(Unknown Source)
at org.openqa.selenium.support.events.EventFiringWebDriver.lambda$new$1(EventFiringWebDriver.java:107)
at jdk.proxy2/jdk.proxy2.$Proxy13.getScreenshotAs(Unknown Source)
at org.openqa.selenium.support.events.EventFiringWebDriver.getScreenshotAs(EventFiringWebDriver.java:302)
at com.qa.utilities.readDataExcel.takeScreenshotAtEndOfTest(readDataExcel.java:51)
at com.qa.utilities.WebEventListener.onException(WebEventListener.java:60)
at jdk.internal.reflect.GeneratedMethodAccessor7.invoke(Unknown Source)
at java.base/jdk.internal.reflect.DelegatingMethodAccessorImpl.invoke(DelegatingMethodAccessorImpl.java:43)
at java.base/java.lang.reflect.Method.invoke(Method.java:568)
at org.openqa.selenium.support.events.EventFiringWebDriver.lambda$new$0(EventFiringWebDriver.java:84)
at jdk.proxy2/jdk.proxy2.$Proxy12.onException(Unknown Source)
at org.openqa.selenium.support.events.EventFiringWebDriver.lambda$new$1(EventFiringWebDriver.java:107)
at jdk.proxy2/jdk.proxy2.$Proxy13.getScreenshotAs(Unknown Source)
at org.openqa.selenium.support.events.EventFiringWebDriver.getScreenshotAs(EventFiringWebDriver.java:302)
at com.qa.utilities.readDataExcel.takeScreenshotAtEndOfTest(readDataExcel.java:51)
at com.qa.utilities.WebEventListener.onException(WebEventListener.java:60)
at jdk.internal.reflect.GeneratedMethodAccessor7.invoke(Unknown Source)
at java.base/jdk.internal.reflect.DelegatingMethodAccessorImpl.invoke(DelegatingMethodAccessorImpl.java:43)
at java.base/java.lang.reflect.Method.invoke(Method.java:568)
at org.openqa.selenium.support.events.EventFiringWebDriver.lambda$new$0(EventFiringWebDriver.java:84)
at jdk.proxy2/jdk.proxy2.$Proxy12.onException(Unknown Source)
at org.openqa.selenium.support.events.EventFiringWebDriver.lambda$new$1(EventFiringWebDriver.java:107)
at jdk.proxy2/jdk.proxy2.$Proxy13.getScreenshotAs(Unknown Source)
at org.openqa.selenium.support.events.EventFiringWebDriver.getScreenshotAs(EventFiringWebDriver.java:302)
at com.qa.utilities.readDataExcel.takeScreenshotAtEndOfTest(readDataExcel.java:51)
at com.qa.utilities.WebEventListener.onException(WebEventListener.java:60)
at jdk.internal.reflect.GeneratedMethodAccessor7.invoke(Unknown Source)
at java.base/jdk.internal.reflect.DelegatingMethodAccessorImpl.invoke(DelegatingMethodAccessorImpl.java:43)
at java.base/java.lang.reflect.Method.invoke(Method.java:568)
at org.openqa.selenium.support.events.EventFiringWebDriver.lambda$new$0(EventFiringWebDriver.java:84)
at jdk.proxy2/jdk.proxy2.$Proxy12.onException(Unknown Source)
at org.openqa.selenium.support.events.EventFiringWebDriver.lambda$new$1(EventFiringWebDriver.java:107)
at jdk.proxy2/jdk.proxy2.$Proxy13.getScreenshotAs(Unknown Source)
at org.openqa.selenium.support.events.EventFiringWebDriver.getScreenshotAs(EventFiringWebDriver.java:302)
at com.qa.utilities.readDataExcel.takeScreenshotAtEndOfTest(readDataExcel.java:51)
at com.qa.utilities.WebEventListener.onException(WebEventListener.java:60)
at jdk.internal.reflect.GeneratedMethodAccessor7.invoke(Unknown Source)
at java.base/jdk.internal.reflect.DelegatingMethodAccessorImpl.invoke(DelegatingMethodAccessorImpl.java:43)
at java.base/java.lang.reflect.Method.invoke(Method.java:568)
at org.openqa.selenium.support.events.EventFiringWebDriver.lambda$new$0(EventFiringWebDriver.java:84)
at jdk.proxy2/jdk.proxy2.$Proxy12.onException(Unknown Source)
at org.openqa.selenium.support.events.EventFiringWebDriver.lambda$new$1(EventFiringWebDriver.java:107)
at jdk.proxy2/jdk.proxy2.$Proxy13.getScreenshotAs(Unknown Source)
[...]
at java.base/jdk.internal.reflect.DelegatingMethodAccessorImpl.invoke(DelegatingMethodAccessorImpl.java:43)
at java.base/java.lang.reflect.Method.invoke(Method.java:568)
at org.openqa.selenium.support.events.EventFiringWebDriver.lambda$new$0(EventFiringWebDriver.java:84)
at jdk.proxy2/jdk.proxy2.$Proxy12.onException(Unknown Source)
at org.openqa.selenium.support.events.EventFiringWebDriver.lambda$new$1(EventFiringWebDriver.java:107)
at jdk.proxy2/jdk.proxy2.$Proxy13.getScreenshotAs(Unknown Source)
at org.openqa.selenium.support.events.EventFiringWebDriver.getScreenshotAs(EventFiringWebDriver.java:302)
at com.qa.utilities.readDataExcel.takeScreenshotAtEndOfTest(readDataExcel.java:51)
at com.qa.utilities.WebEventListener.onException(WebEventListener.java:60)
at jdk.internal.reflect.GeneratedMethodAccessor7.invoke(Unknown Source)
at java.base/jdk.internal.reflect.DelegatingMethodAccessorImpl.invoke(DelegatingMethodAccessorImpl.java:43)
at java.base/java.lang.reflect.Method.invoke(Method.java:568)
at org.openqa.selenium.support.events.EventFiringWebDriver.lambda$new$0(EventFiringWebDriver.java:84)
at jdk.proxy2/jdk.proxy2.$Proxy12.onException(Unknown Source)
at org.openqa.selenium.support.events.EventFiringWebDriver.lambda$new$1(EventFiringWebDriver.java:107)
at jdk.proxy2/jdk.proxy2.$Proxy13.getScreenshotAs(Unknown Source)
at org.openqa.selenium.support.events.EventFiringWebDriver.getScreenshotAs(EventFiringWebDriver.java:302)
at com.qa.utilities.readDataExcel.takeScreenshotAtEndOfTest(readDataExcel.java:51)
at com.qa.utilities.WebEventListener.onException(WebEventListener.java:60)
at jdk.internal.reflect.GeneratedMethodAccessor7.invoke(Unknown Source)
at java.base/jdk.internal.reflect.DelegatingMethodAccessorImpl.invoke(DelegatingMethodAccessorImpl.java:43)
at java.base/java.lang.reflect.Method.invoke(Method.java:568)
at org.openqa.selenium.support.events.EventFiringWebDriver.lambda$new$0(EventFiringWebDriver.java:84)
at jdk.proxy2/jdk.proxy2.$Proxy12.onException(Unknown Source)
at org.openqa.selenium.support.events.EventFiringWebDriver.lambda$new$1(EventFiringWebDriver.java:107)
at jdk.proxy2/jdk.proxy2.$Proxy13.getScreenshotAs(Unknown Source)
at org.openqa.selenium.support.events.EventFiringWebDriver.getScreenshotAs(EventFiringWebDriver.java:302)
at com.qa.utilities.readDataExcel.takeScreenshotAtEndOfTest(readDataExcel.java:51)
at com.qa.utilities.WebEventListener.onException(WebEventListener.java:60)
at jdk.internal.reflect.GeneratedMethodAccessor7.invoke(Unknown Source)
at java.base/jdk.internal.reflect.DelegatingMethodAccessorImpl.invoke(DelegatingMethodAccessorImpl.java:43)
at java.base/java.lang.reflect.Method.invoke(Method.java:568)
at org.openqa.selenium.support.events.EventFiringWebDriver.lambda$new$0(EventFiringWebDriver.java:84)
at jdk.proxy2/jdk.proxy2.$Proxy12.onException(Unknown Source)
at org.openqa.selenium.support.events.EventFiringWebDriver.lambda$new$1(EventFiringWebDriver.java:107)
at jdk.proxy2/jdk.proxy2.$Proxy13.getScreenshotAs(Unknown Source)
at org.openqa.selenium.support.events.EventFiringWebDriver.getScreenshotAs(EventFiringWebDriver.java:302)
at com.qa.utilities.readDataExcel.takeScreenshotAtEndOfTest(readDataExcel.java:51)
at com.qa.utilities.WebEventListener.onException(WebEventListener.java:60)
at jdk.internal.reflect.GeneratedMethodAccessor7.invoke(Unknown Source)
at java.base/jdk.internal.reflect.DelegatingMethodAccessorImpl.invoke(DelegatingMethodAccessorImpl.java:43)
at java.base/java.lang.reflect.Method.invoke(Method.java:568)
at org.openqa.selenium.support.events.EventFiringWebDriver.lambda$new$0(EventFiringWebDriver.java:84)
at jdk.proxy2/jdk.proxy2.$Proxy12.onException(Unknown Source)
at org.openqa.selenium.support.events.EventFiringWebDriver.lambda$new$1(EventFiringWebDriver.java:107)
at jdk.proxy2/jdk.proxy2.$Proxy13.getScreenshotAs(Unknown Source)
at org.openqa.selenium.support.events.EventFiringWebDriver.getScreenshotAs(EventFiringWebDriver.java:302)
at com.qa.utilities.readDataExcel.takeScreenshotAtEndOfTest(readDataExcel.java:51)
at com.qa.utilities.WebEventListener.onException(WebEventListener.java:60)
at jdk.internal.reflect.GeneratedMethodAccessor7.invoke(Unknown Source)
at java.base/jdk.internal.reflect.DelegatingMethodAccessorImpl.invoke(DelegatingMethodAccessorImpl.java:43)
at java.base/java.lang.reflect.Method.invoke(Method.java:568)
at org.openqa.selenium.support.events.EventFiringWebDriver.lambda$new$0(EventFiringWebDriver.java:84)
at jdk.proxy2/jdk.proxy2.$Proxy12.onException(Unknown Source)
at org.openqa.selenium.support.events.EventFiringWebDriver.lambda$new$1(EventFiringWebDriver.java:107)
at jdk.proxy2/jdk.proxy2.$Proxy13.getScreenshotAs(Unknown Source)
at org.openqa.selenium.support.events.EventFiringWebDriver.getScreenshotAs(EventFiringWebDriver.java:302)
at com.qa.utilities.readDataExcel.takeScreenshotAtEndOfTest(readDataExcel.java:51)
at com.qa.utilities.WebEventListener.onException(WebEventListener.java:60)
at jdk.internal.reflect.GeneratedMethodAccessor7.invoke(Unknown Source)
at java.base/jdk.internal.reflect.DelegatingMethodAccessorImpl.invoke(DelegatingMethodAccessorImpl.java:43)
at java.base/java.lang.reflect.Method.invoke(Method.java:568)
at org.openqa.selenium.support.events.EventFiringWebDriver.lambda$new$0(EventFiringWebDriver.java:84)
at jdk.proxy2/jdk.proxy2.$Proxy12.onException(Unknown Source)
at org.openqa.selenium.support.events.EventFiringWebDriver.lambda$new$1(EventFiringWebDriver.java:107)
at jdk.proxy2/jdk.proxy2.$Proxy13.getScreenshotAs(Unknown Source)
at org.openqa.selenium.support.events.EventFiringWebDriver.getScreenshotAs(EventFiringWebDriver.java:302)
at com.qa.utilities.readDataExcel.takeScreenshotAtEndOfTest(readDataExcel.java:51)
at com.qa.utilities.WebEventListener.onException(WebEventListener.java:60)
at jdk.internal.reflect.GeneratedMethodAccessor7.invoke(Unknown Source)
at java.base/jdk.internal.reflect.DelegatingMethodAccessorImpl.invoke(DelegatingMethodAccessorImpl.java:43)
at java.base/java.lang.reflect.Method.invoke(Method.java:568)
at org.openqa.selenium.support.events.EventFiringWebDriver.lambda$new$0(EventFiringWebDriver.java:84)
at jdk.proxy2/jdk.proxy2.$Proxy12.onException(Unknown Source)
at org.openqa.selenium.support.events.EventFiringWebDriver.lambda$new$1(EventFiringWebDriver.java:107)
at jdk.proxy2/jdk.proxy2.$Proxy13.getScreenshotAs(Unknown Source)
at org.openqa.selenium.support.events.EventFiringWebDriver.getScreenshotAs(EventFiringWebDriver.java:302)
at com.qa.utilities.readDataExcel.takeScreenshotAtEndOfTest(readDataExcel.java:51)
at com.qa.utilities.WebEventListener.onException(WebEventListener.java:60)
at jdk.internal.reflect.GeneratedMethodAccessor7.invoke(Unknown Source)
at java.base/jdk.internal.reflect.DelegatingMethodAccessorImpl.invoke(DelegatingMethodAccessorImpl.java:43)
at java.base/java.lang.reflect.Method.invoke(Method.java:568)
at org.openqa.selenium.support.events.EventFiringWebDriver.lambda$new$0(EventFiringWebDriver.java:84)
at jdk.proxy2/jdk.proxy2.$Proxy12.onException(Unknown Source)
at org.openqa.selenium.support.events.EventFiringWebDriver.lambda$new$1(EventFiringWebDriver.java:107)
at jdk.proxy2/jdk.proxy2.$Proxy13.getScreenshotAs(Unknown Source)
at org.openqa.selenium.support.events.EventFiringWebDriver.getScreenshotAs(EventFiringWebDriver.java:302)
at com.qa.utilities.readDataExcel.takeScreenshotAtEndOfTest(readDataExcel.java:51)
at com.qa.utilities.WebEventListener.onException(WebEventListener.java:60)
at jdk.internal.reflect.GeneratedMethodAccessor7.invoke(Unknown Source)
at java.base/jdk.internal.reflect.DelegatingMethodAccessorImpl.invoke(DelegatingMethodAccessorImpl.java:43)
at java.base/java.lang.reflect.Method.invoke(Method.java:568)
at org.openqa.selenium.support.events.EventFiringWebDriver.lambda$new$0(EventFiringWebDriver.java:84)
at jdk.proxy2/jdk.proxy2.$Proxy12.onException(Unknown Source)
at org.openqa.selenium.support.events.EventFiringWebDriver.lambda$new$1(EventFiringWebDriver.java:107)
at jdk.proxy2/jdk.proxy2.$Proxy13.getScreenshotAs(Unknown Source)
at org.openqa.selenium.support.events.EventFiringWebDriver.getScreenshotAs(EventFiringWebDriver.java:302)
at com.qa.utilities.readDataExcel.takeScreenshotAtEndOfTest(readDataExcel.java:51)
at com.qa.utilities.WebEventListener.onException(WebEventListener.java:60)
at jdk.internal.reflect.GeneratedMethodAccessor7.invoke(Unknown Source)
at java.base/jdk.internal.reflect.DelegatingMethodAccessorImpl.invoke(DelegatingMethodAccessorImpl.java:43)
at java.base/java.lang.reflect.Method.invoke(Method.java:568)
at org.openqa.selenium.support.events.EventFiringWebDriver.lambda$new$0(EventFiringWebDriver.java:84)
at jdk.proxy2/jdk.proxy2.$Proxy12.onException(Unknown Source)
at org.openqa.selenium.support.events.EventFiringWebDriver.lambda$new$1(EventFiringWebDriver.java:107)
at jdk.proxy2/jdk.proxy2.$Proxy13.getScreenshotAs(Unknown Source)
at org.openqa.selenium.support.events.EventFiringWebDriver.getScreenshotAs(EventFiringWebDriver.java:302)
at com.qa.utilities.readDataExcel.takeScreenshotAtEndOfTest(readDataExcel.java:51)
at com.qa.utilities.WebEventListener.onException(WebEventListener.java:60)
at jdk.internal.reflect.GeneratedMethodAccessor7.invoke(Unknown Source)
at java.base/jdk.internal.reflect.DelegatingMethodAccessorImpl.invoke(DelegatingMethodAccessorImpl.java:43)
at java.base/java.lang.reflect.Method.invoke(Method.java:568)
at org.openqa.selenium.support.events.EventFiringWebDriver.lambda$new$0(EventFiringWebDriver.java:84)
at jdk.proxy2/jdk.proxy2.$Proxy12.onException(Unknown Source)
at org.openqa.selenium.support.events.EventFiringWebDriver.lambda$new$1(EventFiringWebDriver.java:107)
at jdk.proxy2/jdk.proxy2.$Proxy13.getScreenshotAs(Unknown Source)
at org.openqa.selenium.support.events.EventFiringWebDriver.getScreenshotAs(EventFiringWebDriver.java:302)
at com.qa.utilities.readDataExcel.takeScreenshotAtEndOfTest(readDataExcel.java:51)
at com.qa.utilities.WebEventListener.onException(WebEventListener.java:60)
at jdk.internal.reflect.GeneratedMethodAccessor7.invoke(Unknown Source)
at java.base/jdk.internal.reflect.DelegatingMethodAccessorImpl.invoke(DelegatingMethodAccessorImpl.java:43)
at java.base/java.lang.reflect.Method.invoke(Method.java:568)
at org.openqa.selenium.support.events.EventFiringWebDriver.lambda$new$0(EventFiringWebDriver.java:84)
at jdk.proxy2/jdk.proxy2.$Proxy12.onException(Unknown Source)
at org.openqa.selenium.support.events.EventFiringWebDriver.lambda$new$1(EventFiringWebDriver.java:107)
at jdk.proxy2/jdk.proxy2.$Proxy13.getScreenshotAs(Unknown Source)
at org.openqa.selenium.support.events.EventFiringWebDriver.getScreenshotAs(EventFiringWebDriver.java:302)
at com.qa.utilities.readDataExcel.takeScreenshotAtEndOfTest(readDataExcel.java:51)
at com.qa.utilities.WebEventListener.onException(WebEventListener.java:60)
at jdk.internal.reflect.GeneratedMethodAccessor7.invoke(Unknown Source)
at java.base/jdk.internal.reflect.DelegatingMethodAccessorImpl.invoke(DelegatingMethodAccessorImpl.java:43)
at java.base/java.lang.reflect.Method.invoke(Method.java:568)
at org.openqa.selenium.support.events.EventFiringWebDriver.lambda$new$0(EventFiringWebDriver.java:84)
at jdk.proxy2/jdk.proxy2.$Proxy12.onException(Unknown Source)
at org.openqa.selenium.support.events.EventFiringWebDriver.lambda$new$1(EventFiringWebDriver.java:107)
at jdk.proxy2/jdk.proxy2.$Proxy13.getScreenshotAs(Unknown Source)
at org.openqa.selenium.support.events.EventFiringWebDriver.getScreenshotAs(EventFiringWebDriver.java:302)
at com.qa.utilities.readDataExcel.takeScreenshotAtEndOfTest(readDataExcel.java:51)
at com.qa.utilities.WebEventListener.onException(WebEventListener.java:60)
at jdk.internal.reflect.GeneratedMethodAccessor7.invoke(Unknown Source)
at java.base/jdk.internal.reflect.DelegatingMethodAccessorImpl.invoke(DelegatingMethodAccessorImpl.java:43)
at java.base/java.lang.reflect.Method.invoke(Method.java:568)
at org.openqa.selenium.support.events.EventFiringWebDriver.lambda$new$0(EventFiringWebDriver.java:84)
at jdk.proxy2/jdk.proxy2.$Proxy12.onException(Unknown Source)
at org.openqa.selenium.support.events.EventFiringWebDriver.lambda$new$1(EventFiringWebDriver.java:107)
at jdk.proxy2/jdk.proxy2.$Proxy13.getScreenshotAs(Unknown Source)
at org.openqa.selenium.support.events.EventFiringWebDriver.getScreenshotAs(EventFiringWebDriver.java:302)
at com.qa.utilities.readDataExcel.takeScreenshotAtEndOfTest(readDataExcel.java:51)
at com.qa.utilities.WebEventListener.onException(WebEventListener.java:60)
at jdk.internal.reflect.GeneratedMethodAccessor7.invoke(Unknown Source)
at java.base/jdk.internal.reflect.DelegatingMethodAccessorImpl.invoke(DelegatingMethodAccessorImpl.java:43)
at java.base/java.lang.reflect.Method.invoke(Method.java:568)
at org.openqa.selenium.support.events.EventFiringWebDriver.lambda$new$0(EventFiringWebDriver.java:84)
at jdk.proxy2/jdk.proxy2.$Proxy12.onException(Unknown Source)
at org.openqa.selenium.support.events.EventFiringWebDriver.lambda$new$1(EventFiringWebDriver.java:107)
at jdk.proxy2/jdk.proxy2.$Proxy13.getScreenshotAs(Unknown Source)
at org.openqa.selenium.support.events.EventFiringWebDriver.getScreenshotAs(EventFiringWebDriver.java:302)
at com.qa.utilities.readDataExcel.takeScreenshotAtEndOfTest(readDataExcel.java:51)
at com.qa.utilities.WebEventListener.onException(WebEventListener.java:60)
at jdk.internal.reflect.GeneratedMethodAccessor7.invoke(Unknown Source)
at java.base/jdk.internal.reflect.DelegatingMethodAccessorImpl.invoke(DelegatingMethodAccessorImpl.java:43)
at java.base/java.lang.reflect.Method.invoke(Method.java:568)
at org.openqa.selenium.support.events.EventFiringWebDriver.lambda$new$0(EventFiringWebDriver.java:84)
at jdk.proxy2/jdk.proxy2.$Proxy12.onException(Unknown Source)
at org.openqa.selenium.support.events.EventFiringWebDriver.lambda$new$1(EventFiringWebDriver.java:107)
at jdk.proxy2/jdk.proxy2.$Proxy13.getScreenshotAs(Unknown Source)
at org.openqa.selenium.support.events.EventFiringWebDriver.getScreenshotAs(EventFiringWebDriver.java:302)
at com.qa.utilities.readDataExcel.takeScreenshotAtEndOfTest(readDataExcel.java:51)
at com.qa.utilities.WebEventListener.onException(WebEventListener.java:60)
at jdk.internal.reflect.GeneratedMethodAccessor7.invoke(Unknown Source)
at java.base/jdk.internal.reflect.DelegatingMethodAccessorImpl.invoke(DelegatingMethodAccessorImpl.java:43)
at java.base/java.lang.reflect.Method.invoke(Method.java:568)
at org.openqa.selenium.support.events.EventFiringWebDriver.lambda$new$0(EventFiringWebDriver.java:84)
at jdk.proxy2/jdk.proxy2.$Proxy12.onException(Unknown Source)
at org.openqa.selenium.support.events.EventFiringWebDriver.lambda$new$1(EventFiringWebDriver.java:107)
at jdk.proxy2/jdk.proxy2.$Proxy13.getScreenshotAs(Unknown Source)
at org.openqa.selenium.support.events.EventFiringWebDriver.getScreenshotAs(EventFiringWebDriver.java:302)
at com.qa.utilities.readDataExcel.takeScreenshotAtEndOfTest(readDataExcel.java:51)
at com.qa.utilities.WebEventListener.onException(WebEventListener.java:60)
at jdk.internal.reflect.GeneratedMethodAccessor7.invoke(Unknown Source)
at java.base/jdk.internal.reflect.DelegatingMethodAccessorImpl.invoke(DelegatingMethodAccessorImpl.java:43)
at java.base/java.lang.reflect.Method.invoke(Method.java:568)
at org.openqa.selenium.support.events.EventFiringWebDriver.lambda$new$0(EventFiringWebDriver.java:84)
at jdk.proxy2/jdk.proxy2.$Proxy12.onException(Unknown Source)
at org.openqa.selenium.support.events.EventFiringWebDriver.lambda$new$1(EventFiringWebDriver.java:107)
at jdk.proxy2/jdk.proxy2.$Proxy13.getScreenshotAs(Unknown Source)
at org.openqa.selenium.support.events.EventFiringWebDriver.getScreenshotAs(EventFiringWebDriver.java:302)
at com.qa.utilities.readDataExcel.takeScreenshotAtEndOfTest(readDataExcel.java:51)
at com.qa.utilities.WebEventListener.onException(WebEventListener.java:60)
at jdk.internal.reflect.GeneratedMethodAccessor7.invoke(Unknown Source)
at java.base/jdk.internal.reflect.DelegatingMethodAccessorImpl.invoke(DelegatingMethodAccessorImpl.java:43)
at java.base/java.lang.reflect.Method.invoke(Method.java:568)
at org.openqa.selenium.support.events.EventFiringWebDriver.lambda$new$0(EventFiringWebDriver.java:84)
at jdk.proxy2/jdk.proxy2.$Proxy12.onException(Unknown Source)
at org.openqa.selenium.support.events.EventFiringWebDriver.lambda$new$1(EventFiringWebDriver.java:107)
at jdk.proxy2/jdk.proxy2.$Proxy13.getScreenshotAs(Unknown Source)
at org.openqa.selenium.support.events.EventFiringWebDriver.getScreenshotAs(EventFiringWebDriver.java:302)
at com.qa.utilities.readDataExcel.takeScreenshotAtEndOfTest(readDataExcel.java:51)
at com.qa.utilities.WebEventListener.onException(WebEventListener.java:60)
at jdk.internal.reflect.GeneratedMethodAccessor7.invoke(Unknown Source)
at java.base/jdk.internal.reflect.DelegatingMethodAccessorImpl.invoke(DelegatingMethodAccessorImpl.java:43)
at java.base/java.lang.reflect.Method.invoke(Method.java:568)
at org.openqa.selenium.support.events.EventFiringWebDriver.lambda$new$0(EventFiringWebDriver.java:84)
at jdk.proxy2/jdk.proxy2.$Proxy12.onException(Unknown Source)
at org.openqa.selenium.support.events.EventFiringWebDriver.lambda$new$1(EventFiringWebDriver.java:107)
at jdk.proxy2/jdk.proxy2.$Proxy13.getScreenshotAs(Unknown Source)
at org.openqa.selenium.support.events.EventFiringWebDriver.getScreenshotAs(EventFiringWebDriver.java:302)
at com.qa.utilities.readDataExcel.takeScreenshotAtEndOfTest(readDataExcel.java:51)
at com.qa.utilities.WebEventListener.onException(WebEventListener.java:60)
at jdk.internal.reflect.GeneratedMethodAccessor7.invoke(Unknown Source)
at java.base/jdk.internal.reflect.DelegatingMethodAccessorImpl.invoke(DelegatingMethodAccessorImpl.java:43)
at java.base/java.lang.reflect.Method.invoke(Method.java:568)
at org.openqa.selenium.support.events.EventFiringWebDriver.lambda$new$0(EventFiringWebDriver.java:84)
at jdk.proxy2/jdk.proxy2.$Proxy12.onException(Unknown Source)
at org.openqa.selenium.support.events.EventFiringWebDriver.lambda$new$1(EventFiringWebDriver.java:107)
at jdk.proxy2/jdk.proxy2.$Proxy13.getScreenshotAs(Unknown Source)
at org.openqa.selenium.support.events.EventFiringWebDriver.getScreenshotAs(EventFiringWebDriver.java:302)
at com.qa.utilities.readDataExcel.takeScreenshotAtEndOfTest(readDataExcel.java:51)
at com.qa.utilities.WebEventListener.onException(WebEventListener.java:60)
at jdk.internal.reflect.GeneratedMethodAccessor7.invoke(Unknown Source)
at java.base/jdk.internal.reflect.DelegatingMethodAccessorImpl.invoke(DelegatingMethodAccessorImpl.java:43)
at java.base/java.lang.reflect.Method.invoke(Method.java:568)
at org.openqa.selenium.support.events.EventFiringWebDriver.lambda$new$0(EventFiringWebDriver.java:84)
at jdk.proxy2/jdk.proxy2.$Proxy12.onException(Unknown Source)
at org.openqa.selenium.support.events.EventFiringWebDriver.lambda$new$1(EventFiringWebDriver.java:107)
at jdk.proxy2/jdk.proxy2.$Proxy13.getScreenshotAs(Unknown Source)
at org.openqa.selenium.support.events.EventFiringWebDriver.getScreenshotAs(EventFiringWebDriver.java:302)
at com.qa.utilities.readDataExcel.takeScreenshotAtEndOfTest(readDataExcel.java:51)
at com.qa.utilities.WebEventListener.onException(WebEventListener.java:60)
at jdk.internal.reflect.GeneratedMethodAccessor7.invoke(Unknown Source)
]]>
            </full-stacktrace>
          </exception> <!-- java.lang.StackOverflowError -->
          <reporter-output>
          </reporter-output>
        </test-method> <!-- htitle -->
        <test-method is-config="true" signature="close()[pri:0, instance:com.qa.Test.TctransFund@6b81ce95]" started-at="2022-02-06T18:01:25 IST" name="close" finished-at="2022-02-06T18:01:25 IST" duration-ms="1" status="PASS">
          <reporter-output>
          </reporter-output>
        </test-method> <!-- close -->
      </class> <!-- com.qa.Test.TctransFund -->
    </test> <!-- Test -->
  </suite> <!-- Suite -->
</testng-results>
